This is pdfTeX, Version 3.14159265-2.6-1.40.17 (MiKTeX 2.9) (preloaded format=pdflatex 2016.8.20)  13 DEC 2017 07:53
entering extended mode
**./Tesina.tex
(Tesina.tex
LaTeX2e <2016/03/31> patch level 3
Babel <3.9r> and hyphenation patterns for 75 language(s) loaded.
("C:\Program Files (x86)\MiKTeX 2.9\tex\latex\base\report.cls"
Document Class: report 2014/09/29 v1.4h Standard LaTeX document class
("C:\Program Files (x86)\MiKTeX 2.9\tex\latex\base\size12.clo"
File: size12.clo 2014/09/29 v1.4h Standard LaTeX file (size option)
)
\c@part=\count79
\c@chapter=\count80
\c@section=\count81
\c@subsection=\count82
\c@subsubsection=\count83
\c@paragraph=\count84
\c@subparagraph=\count85
\c@figure=\count86
\c@table=\count87
\abovecaptionskip=\skip41
\belowcaptionskip=\skip42
\bibindent=\dimen102
)
("C:\Program Files (x86)\MiKTeX 2.9\tex\latex\geometry\geometry.sty"
Package: geometry 2010/09/12 v5.6 Page Geometry

("C:\Program Files (x86)\MiKTeX 2.9\tex\latex\graphics\keyval.sty"
Package: keyval 2014/10/28 v1.15 key=value parser (DPC)
\KV@toks@=\toks14
)
("C:\Program Files (x86)\MiKTeX 2.9\tex\generic\oberdiek\ifpdf.sty"
Package: ifpdf 2016/05/14 v3.1 Provides the ifpdf switch
)
("C:\Program Files (x86)\MiKTeX 2.9\tex\generic\oberdiek\ifvtex.sty"
Package: ifvtex 2016/05/16 v1.6 Detect VTeX and its facilities (HO)
Package ifvtex Info: VTeX not detected.
)
("C:\Program Files (x86)\MiKTeX 2.9\tex\generic\ifxetex\ifxetex.sty"
Package: ifxetex 2010/09/12 v0.6 Provides ifxetex conditional
)
\Gm@cnth=\count88
\Gm@cntv=\count89
\c@Gm@tempcnt=\count90
\Gm@bindingoffset=\dimen103
\Gm@wd@mp=\dimen104
\Gm@odd@mp=\dimen105
\Gm@even@mp=\dimen106
\Gm@layoutwidth=\dimen107
\Gm@layoutheight=\dimen108
\Gm@layouthoffset=\dimen109
\Gm@layoutvoffset=\dimen110
\Gm@dimlist=\toks15

("C:\Program Files (x86)\MiKTeX 2.9\tex\latex\geometry\geometry.cfg"))
("C:\Program Files (x86)\MiKTeX 2.9\tex\latex\graphics\graphicx.sty"
Package: graphicx 2014/10/28 v1.0g Enhanced LaTeX Graphics (DPC,SPQR)

("C:\Program Files (x86)\MiKTeX 2.9\tex\latex\graphics\graphics.sty"
Package: graphics 2016/07/10 v1.0t Standard LaTeX Graphics (DPC,SPQR)

("C:\Program Files (x86)\MiKTeX 2.9\tex\latex\graphics\trig.sty"
Package: trig 2016/01/03 v1.10 sin cos tan (DPC)
)
("C:\Program Files (x86)\MiKTeX 2.9\tex\latex\00miktex\graphics.cfg"
File: graphics.cfg 2016/06/04 v1.11 sample graphics configuration
)
Package graphics Info: Driver file: pdftex.def on input line 99.

("C:\Program Files (x86)\MiKTeX 2.9\tex\latex\graphics-def\pdftex.def"
File: pdftex.def 2016/07/10 v0.06j Graphics/color for pdfTeX

("C:\Program Files (x86)\MiKTeX 2.9\tex\generic\oberdiek\infwarerr.sty"
Package: infwarerr 2016/05/16 v1.4 Providing info/warning/error messages (HO)
)
("C:\Program Files (x86)\MiKTeX 2.9\tex\generic\oberdiek\ltxcmds.sty"
Package: ltxcmds 2016/05/16 v1.23 LaTeX kernel commands for general use (HO)
)
\Gread@gobject=\count91
))
\Gin@req@height=\dimen111
\Gin@req@width=\dimen112
)
(C:\Users\Ivan\AppData\Roaming\MiKTeX\2.9\tex\latex\subfig\subfig.sty
Package: subfig 2005/06/28 ver: 1.3 subfig package

(C:\Users\Ivan\AppData\Roaming\MiKTeX\2.9\tex\latex\caption\caption.sty
Package: caption 2016/02/21 v3.3-144 Customizing captions (AR)

(C:\Users\Ivan\AppData\Roaming\MiKTeX\2.9\tex\latex\caption\caption3.sty
Package: caption3 2016/05/22 v1.7-166 caption3 kernel (AR)
Package caption3 Info: TeX engine: e-TeX on input line 67.
\captionmargin=\dimen113
\captionmargin@=\dimen114
\captionwidth=\dimen115
\caption@tempdima=\dimen116
\caption@indent=\dimen117
\caption@parindent=\dimen118
\caption@hangindent=\dimen119
)
\c@ContinuedFloat=\count92
)
\c@KVtest=\count93
\sf@farskip=\skip43
\sf@captopadj=\dimen120
\sf@capskip=\skip44
\sf@nearskip=\skip45
\c@subfigure=\count94
\c@subfigure@save=\count95
\c@lofdepth=\count96
\c@subtable=\count97
\c@subtable@save=\count98
\c@lotdepth=\count99
\sf@top=\skip46
\sf@bottom=\skip47
)
("C:\Program Files (x86)\MiKTeX 2.9\tex\latex\float\float.sty"
Package: float 2001/11/08 v1.3d Float enhancements (AL)
\c@float@type=\count100
\float@exts=\toks16
\float@box=\box26
\@float@everytoks=\toks17
\@floatcapt=\box27
)
("C:\Program Files (x86)\MiKTeX 2.9\tex\latex\oberdiek\grffile.sty"
Package: grffile 2016/05/16 v1.17 Extended file name support for graphics (HO)

("C:\Program Files (x86)\MiKTeX 2.9\tex\latex\oberdiek\kvoptions.sty"
Package: kvoptions 2016/05/16 v3.12 Key value format for package options (HO)

("C:\Program Files (x86)\MiKTeX 2.9\tex\generic\oberdiek\kvsetkeys.sty"
Package: kvsetkeys 2016/05/16 v1.17 Key value parser (HO)

("C:\Program Files (x86)\MiKTeX 2.9\tex\generic\oberdiek\etexcmds.sty"
Package: etexcmds 2016/05/16 v1.6 Avoid name clashes with e-TeX commands (HO)

("C:\Program Files (x86)\MiKTeX 2.9\tex\generic\oberdiek\ifluatex.sty"
Package: ifluatex 2016/05/16 v1.4 Provides the ifluatex switch (HO)
Package ifluatex Info: LuaTeX not detected.
)
Package etexcmds Info: Could not find \expanded.
(etexcmds)             That can mean that you are not using pdfTeX 1.50 or
(etexcmds)             that some package has redefined \expanded.
(etexcmds)             In the latter case, load this package earlier.
)))
("C:\Program Files (x86)\MiKTeX 2.9\tex\generic\oberdiek\pdftexcmds.sty"
Package: pdftexcmds 2016/05/21 v0.22 Utility functions of pdfTeX for LuaTeX (HO
)
Package pdftexcmds Info: LuaTeX not detected.
Package pdftexcmds Info: \pdf@primitive is available.
Package pdftexcmds Info: \pdf@ifprimitive is available.
Package pdftexcmds Info: \pdfdraftmode found.
)
Package grffile Info: Option `multidot' is set to `true'.
Package grffile Info: Option `extendedchars' is set to `false'.
Package grffile Info: Option `space' is set to `true'.
Package grffile Info: \Gin@ii of package `graphicx' fixed on input line 486.
)
(C:\Users\Ivan\AppData\Roaming\MiKTeX\2.9\tex\latex\makecell\makecell.sty
Package: makecell 2009/08/03 V0.1e Managing of Tab Column Heads and Cells

("C:\Program Files (x86)\MiKTeX 2.9\tex\latex\tools\array.sty"
Package: array 2014/10/28 v2.4c Tabular extension package (FMi)
\col@sep=\dimen121
\extrarowheight=\dimen122
\NC@list=\toks18
\extratabsurround=\skip48
\backup@length=\skip49
)
\rotheadsize=\dimen123
\c@nlinenum=\count101
\TeXr@lab=\toks19
)
("C:\Program Files (x86)\MiKTeX 2.9\tex\latex\multirow\multirow.sty"
\bigstrutjot=\dimen124
)
(C:\Users\Ivan\AppData\Roaming\MiKTeX\2.9\tex\latex\siunitx\siunitx.sty
(C:\Users\Ivan\AppData\Roaming\MiKTeX\2.9\tex\latex\l3kernel\expl3.sty
Package: expl3 2017/02/10 v6878 L3 programming layer (loader) 

(C:\Users\Ivan\AppData\Roaming\MiKTeX\2.9\tex\latex\l3kernel\expl3-code.tex
Package: expl3 2017/02/10 v6878 L3 programming layer (code)
L3 Module: l3bootstrap 2016/12/28 v6805 L3 Bootstrap code
L3 Module: l3names 2016/12/28 v6805 L3 Namespace for primitives
L3 Module: l3basics 2016/12/28 v6805 L3 Basic definitions
L3 Module: l3expan 2016/12/28 v6805 L3 Argument expansion
L3 Module: l3tl 2017/02/06 v6842 L3 Token lists
L3 Module: l3str 2017/01/01 v6809 L3 Strings
L3 Module: l3seq 2017/02/06 v6842 L3 Sequences and stacks
L3 Module: l3int 2016/12/28 v6805 L3 Integers
\c_max_int=\count102
\l_tmpa_int=\count103
\l_tmpb_int=\count104
\g_tmpa_int=\count105
\g_tmpb_int=\count106
L3 Module: l3quark 2016/12/28 v6805 L3 Quarks
L3 Module: l3prg 2017/01/01 v6811 L3 Control structures
\g__prg_map_int=\count107
L3 Module: l3clist 2017/02/06 v6842 L3 Comma separated lists
L3 Module: l3token 2016/12/28 v6805 L3 Experimental token manipulation
L3 Module: l3prop 2016/12/28 v6805 L3 Property lists
L3 Module: l3msg 2016/12/28 v6805 L3 Messages
L3 Module: l3file 2016/12/28 v6805 L3 File and I/O operations
\l_iow_line_count_int=\count108
\l__iow_target_count_int=\count109
\l__iow_current_line_int=\count110
\l__iow_current_word_int=\count111
\l__iow_current_indentation_int=\count112
L3 Module: l3skip 2017/01/01 v6809 L3 Dimensions and skips
\c_zero_dim=\dimen125
\c_max_dim=\dimen126
\l_tmpa_dim=\dimen127
\l_tmpb_dim=\dimen128
\g_tmpa_dim=\dimen129
\g_tmpb_dim=\dimen130
\c_zero_skip=\skip50
\c_max_skip=\skip51
\l_tmpa_skip=\skip52
\l_tmpb_skip=\skip53
\g_tmpa_skip=\skip54
\g_tmpb_skip=\skip55
\c_zero_muskip=\muskip10
\c_max_muskip=\muskip11
\l_tmpa_muskip=\muskip12
\l_tmpb_muskip=\muskip13
\g_tmpa_muskip=\muskip14
\g_tmpb_muskip=\muskip15
L3 Module: l3keys 2017/01/01 v6811 L3 Key-value interfaces
\l_keys_choice_int=\count113
L3 Module: l3fp 2016/12/28 v6805 L3 Floating points
\c__fp_leading_shift_int=\count114
\c__fp_middle_shift_int=\count115
\c__fp_trailing_shift_int=\count116
\c__fp_big_leading_shift_int=\count117
\c__fp_big_middle_shift_int=\count118
\c__fp_big_trailing_shift_int=\count119
\c__fp_Bigg_leading_shift_int=\count120
\c__fp_Bigg_middle_shift_int=\count121
\c__fp_Bigg_trailing_shift_int=\count122
\c__fp_rand_size_int=\count123
\c__fp_rand_four_int=\count124
\c__fp_rand_eight_int=\count125
L3 Module: l3sort 2017/02/07 v6847 L3 Sorting functions
\l__sort_length_int=\count126
\l__sort_min_int=\count127
\l__sort_top_int=\count128
\l__sort_max_int=\count129
\l__sort_true_max_int=\count130
\l__sort_block_int=\count131
\l__sort_begin_int=\count132
\l__sort_end_int=\count133
\l__sort_A_int=\count134
\l__sort_B_int=\count135
\l__sort_C_int=\count136
L3 Module: l3box 2016/12/28 v6805 L3 Experimental boxes
\c_empty_box=\box28
\l_tmpa_box=\box29
\l_tmpb_box=\box30
\g_tmpa_box=\box31
\g_tmpb_box=\box32
L3 Module: l3coffins 2016/12/28 v6805 L3 Coffin code layer
\l__coffin_internal_box=\box33
\l__coffin_internal_dim=\dimen131
\l__coffin_offset_x_dim=\dimen132
\l__coffin_offset_y_dim=\dimen133
\l__coffin_x_dim=\dimen134
\l__coffin_y_dim=\dimen135
\l__coffin_x_prime_dim=\dimen136
\l__coffin_y_prime_dim=\dimen137
\c_empty_coffin=\box34
\l__coffin_aligned_coffin=\box35
\l__coffin_aligned_internal_coffin=\box36
\l_tmpa_coffin=\box37
\l_tmpb_coffin=\box38
\l__coffin_display_coffin=\box39
\l__coffin_display_coord_coffin=\box40
\l__coffin_display_pole_coffin=\box41
\l__coffin_display_offset_dim=\dimen138
\l__coffin_display_x_dim=\dimen139
\l__coffin_display_y_dim=\dimen140
L3 Module: l3color 2016/12/28 v6805 L3 Experimental color support
L3 Module: l3sys 2017/01/01 v6811 L3 Experimental system/runtime functions
L3 Module: l3candidates 2017/01/30 v6835 L3 Experimental additions to l3kernel
\l__box_top_dim=\dimen141
\l__box_bottom_dim=\dimen142
\l__box_left_dim=\dimen143
\l__box_right_dim=\dimen144
\l__box_top_new_dim=\dimen145
\l__box_bottom_new_dim=\dimen146
\l__box_left_new_dim=\dimen147
\l__box_right_new_dim=\dimen148
\l__box_internal_box=\box42
\l__coffin_bounding_shift_dim=\dimen149
\l__coffin_left_corner_dim=\dimen150
\l__coffin_right_corner_dim=\dimen151
\l__coffin_bottom_corner_dim=\dimen152
\l__coffin_top_corner_dim=\dimen153
\l__coffin_scaled_total_height_dim=\dimen154
\l__coffin_scaled_width_dim=\dimen155
L3 Module: l3luatex 2016/12/28 v6805 L3 Experimental LuaTeX-specific functions
)
(C:\Users\Ivan\AppData\Roaming\MiKTeX\2.9\tex\latex\l3kernel\l3pdfmode.def
File: l3pdfmode.def 2016/12/28 v6805 L3 Experimental driver: PDF mode
\l__driver_color_stack_int=\count137
\l__driver_tmp_box=\box43
))
(C:\Users\Ivan\AppData\Roaming\MiKTeX\2.9\tex\latex\l3packages\xparse\xparse.st
y
Package: xparse 2017/02/10 v6878 L3 Experimental document command parser
\l__xparse_current_arg_int=\count138
\g__xparse_grabber_int=\count139
\l__xparse_m_args_int=\count140
\l__xparse_mandatory_args_int=\count141
\l__xparse_v_nesting_int=\count142
)
Package: siunitx 2017/02/19 v2.7d A comprehensive (SI) units package
 ("C:\Program Files (x86)\MiKTeX 2.9\tex\latex\amsmath\amstext.sty"
Package: amstext 2000/06/29 v2.01 AMS text

("C:\Program Files (x86)\MiKTeX 2.9\tex\latex\amsmath\amsgen.sty"
File: amsgen.sty 1999/11/30 v2.0 generic functions
\@emptytoks=\toks20
\ex@=\dimen156
))
(C:\Users\Ivan\AppData\Roaming\MiKTeX\2.9\tex\latex\l3packages\l3keys2e\l3keys2
e.sty
Package: l3keys2e 2017/02/10 v6878 LaTeX2e option processing using LaTeX3 keys
)
\l__siunitx_tmp_box=\box44
\l__siunitx_tmp_dim=\dimen157
\l__siunitx_tmp_int=\count143
\l__siunitx_number_mantissa_length_int=\count144
\l__siunitx_number_uncert_length_int=\count145
\l__siunitx_round_int=\count146
\l__siunitx_process_decimal_int=\count147
\l__siunitx_process_uncertainty_int=\count148
\l__siunitx_process_fixed_int=\count149
\l__siunitx_process_integer_min_int=\count150
\l__siunitx_process_precision_int=\count151
\l__siunitx_group_min_int=\count152
\l__siunitx_angle_marker_box=\box45
\l__siunitx_angle_unit_box=\box46
\l__siunitx_angle_marker_dim=\dimen158
\l__siunitx_angle_unit_dim=\dimen159
\l__siunitx_unit_int=\count153
\l__siunitx_unit_denominator_int=\count154
\l__siunitx_unit_numerator_int=\count155
\l__siunitx_unit_prefix_int=\count156
\l__siunitx_unit_prefix_base_int=\count157
\l__siunitx_unit_prefix_gram_int=\count158
\l__siunitx_number_product_int=\count159
\c__siunitx_one_fill_skip=\skip56
\l__siunitx_table_unit_align_skip=\skip57
\l__siunitx_table_exponent_dim=\dimen160
\l__siunitx_table_integer_dim=\dimen161
\l__siunitx_table_mantissa_dim=\dimen162
\l__siunitx_table_marker_dim=\dimen163
\l__siunitx_table_result_dim=\dimen164
\l__siunitx_table_uncert_dim=\dimen165
\l__siunitx_table_fill_pre_dim=\dimen166
\l__siunitx_table_fill_post_dim=\dimen167
\l__siunitx_table_fill_mid_dim=\dimen168
\l__siunitx_table_pre_box=\box47
\l__siunitx_table_post_box=\box48
\l__siunitx_table_mantissa_box=\box49
\l__siunitx_table_result_box=\box50
\l__siunitx_table_number_align_skip=\skip58
\l__siunitx_table_text_align_skip=\skip59
.................................................
. LaTeX info: "xparse/define-command"
. 
. Defining command \DeclareBinaryPrefix with sig. 'mmm' on line 7249.
.................................................
.................................................
. LaTeX info: "xparse/define-command"
. 
. Defining command \DeclareSIPostPower with sig. 'mm' on line 7252.
.................................................
.................................................
. LaTeX info: "xparse/define-command"
. 
. Defining command \DeclareSIPrefix with sig. 'mmm' on line 7255.
.................................................
.................................................
. LaTeX info: "xparse/define-command"
. 
. Defining command \DeclareSIPrePower with sig. 'mm' on line 7258.
.................................................
.................................................
. LaTeX info: "xparse/define-command"
. 
. Defining command \DeclareSIQualifier with sig. 'mm' on line 7261.
.................................................
.................................................
. LaTeX info: "xparse/define-command"
. 
. Defining command \DeclareSIUnit with sig. 'O{}mm' on line 7264.
.................................................
.................................................
. LaTeX info: "xparse/define-command"
. 
. Defining command \DeclareSIUnitWithOptions with sig. 'mmm' on line 7267.
.................................................
.................................................
. LaTeX info: "xparse/define-command"
. 
. Defining command \ang with sig. 'o>{\SplitArgument {2}{;}}m' on line 7282.
.................................................
.................................................
. LaTeX info: "xparse/define-command"
. 
. Defining command \num with sig. 'om' on line 7291.
.................................................
.................................................
. LaTeX info: "xparse/define-command"
. 
. Defining command \numlist with sig. 'o>{\SplitList {;}}m' on line 7300.
.................................................
.................................................
. LaTeX info: "xparse/define-command"
. 
. Defining command \numrange with sig. 'omm' on line 7309.
.................................................
.................................................
. LaTeX info: "xparse/define-command"
. 
. Defining command \SIlist with sig. 'o>{\SplitList {;}}mm' on line 7321.
.................................................
.................................................
. LaTeX info: "xparse/define-command"
. 
. Defining command \SIrange with sig. 'ommm' on line 7333.
.................................................
.................................................
. LaTeX info: "xparse/define-command"
. 
. Defining command \SI with sig. 'omom' on line 7345.
.................................................
.................................................
. LaTeX info: "xparse/define-command"
. 
. Defining command \sisetup with sig. 'm' on line 7348.
.................................................
.................................................
. LaTeX info: "xparse/define-command"
. 
. Defining command \tablenum with sig. 'om' on line 7363.
.................................................
.................................................
. LaTeX info: "xparse/define-command"
. 
. Defining command \si with sig. 'om' on line 7375.
.................................................
.................................................
. LaTeX info: "xparse/define-command"
. 
. Defining command \__siunitx_bookmark_num:w with sig. 'om' on line 7422.
.................................................
.................................................
. LaTeX info: "xparse/define-command"
. 
. Defining command \__siunitx_bookmark_numrange:w with sig. 'omm' on line
. 7424.
.................................................
.................................................
. LaTeX info: "xparse/define-command"
. 
. Defining command \__siunitx_bookmark_SI:w with sig. 'omom' on line 7426.
.................................................
.................................................
. LaTeX info: "xparse/define-command"
. 
. Defining command \__siunitx_bookmark_SIlist:w with sig. 'omm' on line 7428.
.................................................
.................................................
. LaTeX info: "xparse/define-command"
. 
. Defining command \__siunitx_bookmark_SIrange:w with sig. 'ommm' on line
. 7430.
.................................................
.................................................
. LaTeX info: "xparse/define-command"
. 
. Defining command \__siunitx_bookmark_si:w with sig. 'om' on line 7431.
.................................................
\g__file_internal_ior=\read1

(C:\Users\Ivan\AppData\Roaming\MiKTeX\2.9\tex\latex\beamer\translator\translato
r.sty
Package: translator 2010/06/12 ver 1.10

(C:\Users\Ivan\AppData\Roaming\MiKTeX\2.9\tex\latex\beamer\translator\translato
r-language-mappings.tex)))
(C:\Users\Ivan\AppData\Roaming\MiKTeX\2.9\tex\latex\booktabs\booktabs.sty
Package: booktabs 2005/04/14 v1.61803 publication quality tables
\heavyrulewidth=\dimen169
\lightrulewidth=\dimen170
\cmidrulewidth=\dimen171
\belowrulesep=\dimen172
\belowbottomsep=\dimen173
\aboverulesep=\dimen174
\abovetopsep=\dimen175
\cmidrulesep=\dimen176
\cmidrulekern=\dimen177
\defaultaddspace=\dimen178
\@cmidla=\count160
\@cmidlb=\count161
\@aboverulesep=\dimen179
\@belowrulesep=\dimen180
\@thisruleclass=\count162
\@lastruleclass=\count163
\@thisrulewidth=\dimen181
)
(C:\Users\Ivan\AppData\Roaming\MiKTeX\2.9\tex\latex\fancyhdr\fancyhdr.sty
\fancy@headwidth=\skip60
\f@ncyO@elh=\skip61
\f@ncyO@erh=\skip62
\f@ncyO@olh=\skip63
\f@ncyO@orh=\skip64
\f@ncyO@elf=\skip65
\f@ncyO@erf=\skip66
\f@ncyO@olf=\skip67
\f@ncyO@orf=\skip68
)
("C:\Program Files (x86)\MiKTeX 2.9\tex\generic\babel\babel.sty"
Package: babel 2016/04/23 3.9r The Babel package

*************************************
* Local config file bblopts.cfg used
*
(C:\Users\Ivan\AppData\Roaming\MiKTeX\2.9\tex\latex\arabi\bblopts.cfg
File: bblopts.cfg 2005/09/08 v0.1 add Arabic and Farsi to "declared" options of
 babel
)
("C:\Program Files (x86)\MiKTeX 2.9\tex\latex\babel-spanish\spanish.ldf"
Language: spanish.ldf 2016/03/03 v5.0p Spanish support from the babel system

("C:\Program Files (x86)\MiKTeX 2.9\tex\generic\babel\babel.def"
File: babel.def 2016/04/23 3.9r Babel common definitions
\babel@savecnt=\count164
\U@D=\dimen182
)
\es@quottoks=\toks21
\es@quotdepth=\count165
Package babel Info: Making " an active character on input line 561.
Package babel Info: Making . an active character on input line 662.
Package babel Info: Making < an active character on input line 707.
Package babel Info: Making > an active character on input line 707.
))
("C:\Program Files (x86)\MiKTeX 2.9\tex\latex\base\inputenc.sty"
Package: inputenc 2015/03/17 v1.2c Input encoding file
\inpenc@prehook=\toks22
\inpenc@posthook=\toks23

("C:\Program Files (x86)\MiKTeX 2.9\tex\latex\base\utf8.def"
File: utf8.def 2016/02/28 v1.1s UTF-8 support for inputenc
Now handling font encoding OML ...
... no UTF-8 mapping file for font encoding OML
Now handling font encoding T1 ...
... processing UTF-8 mapping file for font encoding T1

("C:\Program Files (x86)\MiKTeX 2.9\tex\latex\base\t1enc.dfu"
File: t1enc.dfu 2016/02/28 v1.1s UTF-8 support for inputenc
   defining Unicode char U+00A0 (decimal 160)
   defining Unicode char U+00A1 (decimal 161)
   defining Unicode char U+00A3 (decimal 163)
   defining Unicode char U+00AB (decimal 171)
   defining Unicode char U+00AD (decimal 173)
   defining Unicode char U+00BB (decimal 187)
   defining Unicode char U+00BF (decimal 191)
   defining Unicode char U+00C0 (decimal 192)
   defining Unicode char U+00C1 (decimal 193)
   defining Unicode char U+00C2 (decimal 194)
   defining Unicode char U+00C3 (decimal 195)
   defining Unicode char U+00C4 (decimal 196)
   defining Unicode char U+00C5 (decimal 197)
   defining Unicode char U+00C6 (decimal 198)
   defining Unicode char U+00C7 (decimal 199)
   defining Unicode char U+00C8 (decimal 200)
   defining Unicode char U+00C9 (decimal 201)
   defining Unicode char U+00CA (decimal 202)
   defining Unicode char U+00CB (decimal 203)
   defining Unicode char U+00CC (decimal 204)
   defining Unicode char U+00CD (decimal 205)
   defining Unicode char U+00CE (decimal 206)
   defining Unicode char U+00CF (decimal 207)
   defining Unicode char U+00D0 (decimal 208)
   defining Unicode char U+00D1 (decimal 209)
   defining Unicode char U+00D2 (decimal 210)
   defining Unicode char U+00D3 (decimal 211)
   defining Unicode char U+00D4 (decimal 212)
   defining Unicode char U+00D5 (decimal 213)
   defining Unicode char U+00D6 (decimal 214)
   defining Unicode char U+00D8 (decimal 216)
   defining Unicode char U+00D9 (decimal 217)
   defining Unicode char U+00DA (decimal 218)
   defining Unicode char U+00DB (decimal 219)
   defining Unicode char U+00DC (decimal 220)
   defining Unicode char U+00DD (decimal 221)
   defining Unicode char U+00DE (decimal 222)
   defining Unicode char U+00DF (decimal 223)
   defining Unicode char U+00E0 (decimal 224)
   defining Unicode char U+00E1 (decimal 225)
   defining Unicode char U+00E2 (decimal 226)
   defining Unicode char U+00E3 (decimal 227)
   defining Unicode char U+00E4 (decimal 228)
   defining Unicode char U+00E5 (decimal 229)
   defining Unicode char U+00E6 (decimal 230)
   defining Unicode char U+00E7 (decimal 231)
   defining Unicode char U+00E8 (decimal 232)
   defining Unicode char U+00E9 (decimal 233)
   defining Unicode char U+00EA (decimal 234)
   defining Unicode char U+00EB (decimal 235)
   defining Unicode char U+00EC (decimal 236)
   defining Unicode char U+00ED (decimal 237)
   defining Unicode char U+00EE (decimal 238)
   defining Unicode char U+00EF (decimal 239)
   defining Unicode char U+00F0 (decimal 240)
   defining Unicode char U+00F1 (decimal 241)
   defining Unicode char U+00F2 (decimal 242)
   defining Unicode char U+00F3 (decimal 243)
   defining Unicode char U+00F4 (decimal 244)
   defining Unicode char U+00F5 (decimal 245)
   defining Unicode char U+00F6 (decimal 246)
   defining Unicode char U+00F8 (decimal 248)
   defining Unicode char U+00F9 (decimal 249)
   defining Unicode char U+00FA (decimal 250)
   defining Unicode char U+00FB (decimal 251)
   defining Unicode char U+00FC (decimal 252)
   defining Unicode char U+00FD (decimal 253)
   defining Unicode char U+00FE (decimal 254)
   defining Unicode char U+00FF (decimal 255)
   defining Unicode char U+0100 (decimal 256)
   defining Unicode char U+0101 (decimal 257)
   defining Unicode char U+0102 (decimal 258)
   defining Unicode char U+0103 (decimal 259)
   defining Unicode char U+0104 (decimal 260)
   defining Unicode char U+0105 (decimal 261)
   defining Unicode char U+0106 (decimal 262)
   defining Unicode char U+0107 (decimal 263)
   defining Unicode char U+0108 (decimal 264)
   defining Unicode char U+0109 (decimal 265)
   defining Unicode char U+010A (decimal 266)
   defining Unicode char U+010B (decimal 267)
   defining Unicode char U+010C (decimal 268)
   defining Unicode char U+010D (decimal 269)
   defining Unicode char U+010E (decimal 270)
   defining Unicode char U+010F (decimal 271)
   defining Unicode char U+0110 (decimal 272)
   defining Unicode char U+0111 (decimal 273)
   defining Unicode char U+0112 (decimal 274)
   defining Unicode char U+0113 (decimal 275)
   defining Unicode char U+0114 (decimal 276)
   defining Unicode char U+0115 (decimal 277)
   defining Unicode char U+0116 (decimal 278)
   defining Unicode char U+0117 (decimal 279)
   defining Unicode char U+0118 (decimal 280)
   defining Unicode char U+0119 (decimal 281)
   defining Unicode char U+011A (decimal 282)
   defining Unicode char U+011B (decimal 283)
   defining Unicode char U+011C (decimal 284)
   defining Unicode char U+011D (decimal 285)
   defining Unicode char U+011E (decimal 286)
   defining Unicode char U+011F (decimal 287)
   defining Unicode char U+0120 (decimal 288)
   defining Unicode char U+0121 (decimal 289)
   defining Unicode char U+0122 (decimal 290)
   defining Unicode char U+0123 (decimal 291)
   defining Unicode char U+0124 (decimal 292)
   defining Unicode char U+0125 (decimal 293)
   defining Unicode char U+0128 (decimal 296)
   defining Unicode char U+0129 (decimal 297)
   defining Unicode char U+012A (decimal 298)
   defining Unicode char U+012B (decimal 299)
   defining Unicode char U+012C (decimal 300)
   defining Unicode char U+012D (decimal 301)
   defining Unicode char U+012E (decimal 302)
   defining Unicode char U+012F (decimal 303)
   defining Unicode char U+0130 (decimal 304)
   defining Unicode char U+0131 (decimal 305)
   defining Unicode char U+0132 (decimal 306)
   defining Unicode char U+0133 (decimal 307)
   defining Unicode char U+0134 (decimal 308)
   defining Unicode char U+0135 (decimal 309)
   defining Unicode char U+0136 (decimal 310)
   defining Unicode char U+0137 (decimal 311)
   defining Unicode char U+0139 (decimal 313)
   defining Unicode char U+013A (decimal 314)
   defining Unicode char U+013B (decimal 315)
   defining Unicode char U+013C (decimal 316)
   defining Unicode char U+013D (decimal 317)
   defining Unicode char U+013E (decimal 318)
   defining Unicode char U+0141 (decimal 321)
   defining Unicode char U+0142 (decimal 322)
   defining Unicode char U+0143 (decimal 323)
   defining Unicode char U+0144 (decimal 324)
   defining Unicode char U+0145 (decimal 325)
   defining Unicode char U+0146 (decimal 326)
   defining Unicode char U+0147 (decimal 327)
   defining Unicode char U+0148 (decimal 328)
   defining Unicode char U+014A (decimal 330)
   defining Unicode char U+014B (decimal 331)
   defining Unicode char U+014C (decimal 332)
   defining Unicode char U+014D (decimal 333)
   defining Unicode char U+014E (decimal 334)
   defining Unicode char U+014F (decimal 335)
   defining Unicode char U+0150 (decimal 336)
   defining Unicode char U+0151 (decimal 337)
   defining Unicode char U+0152 (decimal 338)
   defining Unicode char U+0153 (decimal 339)
   defining Unicode char U+0154 (decimal 340)
   defining Unicode char U+0155 (decimal 341)
   defining Unicode char U+0156 (decimal 342)
   defining Unicode char U+0157 (decimal 343)
   defining Unicode char U+0158 (decimal 344)
   defining Unicode char U+0159 (decimal 345)
   defining Unicode char U+015A (decimal 346)
   defining Unicode char U+015B (decimal 347)
   defining Unicode char U+015C (decimal 348)
   defining Unicode char U+015D (decimal 349)
   defining Unicode char U+015E (decimal 350)
   defining Unicode char U+015F (decimal 351)
   defining Unicode char U+0160 (decimal 352)
   defining Unicode char U+0161 (decimal 353)
   defining Unicode char U+0162 (decimal 354)
   defining Unicode char U+0163 (decimal 355)
   defining Unicode char U+0164 (decimal 356)
   defining Unicode char U+0165 (decimal 357)
   defining Unicode char U+0168 (decimal 360)
   defining Unicode char U+0169 (decimal 361)
   defining Unicode char U+016A (decimal 362)
   defining Unicode char U+016B (decimal 363)
   defining Unicode char U+016C (decimal 364)
   defining Unicode char U+016D (decimal 365)
   defining Unicode char U+016E (decimal 366)
   defining Unicode char U+016F (decimal 367)
   defining Unicode char U+0170 (decimal 368)
   defining Unicode char U+0171 (decimal 369)
   defining Unicode char U+0172 (decimal 370)
   defining Unicode char U+0173 (decimal 371)
   defining Unicode char U+0174 (decimal 372)
   defining Unicode char U+0175 (decimal 373)
   defining Unicode char U+0176 (decimal 374)
   defining Unicode char U+0177 (decimal 375)
   defining Unicode char U+0178 (decimal 376)
   defining Unicode char U+0179 (decimal 377)
   defining Unicode char U+017A (decimal 378)
   defining Unicode char U+017B (decimal 379)
   defining Unicode char U+017C (decimal 380)
   defining Unicode char U+017D (decimal 381)
   defining Unicode char U+017E (decimal 382)
   defining Unicode char U+01CD (decimal 461)
   defining Unicode char U+01CE (decimal 462)
   defining Unicode char U+01CF (decimal 463)
   defining Unicode char U+01D0 (decimal 464)
   defining Unicode char U+01D1 (decimal 465)
   defining Unicode char U+01D2 (decimal 466)
   defining Unicode char U+01D3 (decimal 467)
   defining Unicode char U+01D4 (decimal 468)
   defining Unicode char U+01E2 (decimal 482)
   defining Unicode char U+01E3 (decimal 483)
   defining Unicode char U+01E6 (decimal 486)
   defining Unicode char U+01E7 (decimal 487)
   defining Unicode char U+01E8 (decimal 488)
   defining Unicode char U+01E9 (decimal 489)
   defining Unicode char U+01EA (decimal 490)
   defining Unicode char U+01EB (decimal 491)
   defining Unicode char U+01F0 (decimal 496)
   defining Unicode char U+01F4 (decimal 500)
   defining Unicode char U+01F5 (decimal 501)
   defining Unicode char U+0218 (decimal 536)
   defining Unicode char U+0219 (decimal 537)
   defining Unicode char U+021A (decimal 538)
   defining Unicode char U+021B (decimal 539)
   defining Unicode char U+1E02 (decimal 7682)
   defining Unicode char U+1E03 (decimal 7683)
   defining Unicode char U+200C (decimal 8204)
   defining Unicode char U+2010 (decimal 8208)
   defining Unicode char U+2011 (decimal 8209)
   defining Unicode char U+2012 (decimal 8210)
   defining Unicode char U+2013 (decimal 8211)
   defining Unicode char U+2014 (decimal 8212)
   defining Unicode char U+2015 (decimal 8213)
   defining Unicode char U+2018 (decimal 8216)
   defining Unicode char U+2019 (decimal 8217)
   defining Unicode char U+201A (decimal 8218)
   defining Unicode char U+201C (decimal 8220)
   defining Unicode char U+201D (decimal 8221)
   defining Unicode char U+201E (decimal 8222)
   defining Unicode char U+2030 (decimal 8240)
   defining Unicode char U+2031 (decimal 8241)
   defining Unicode char U+2039 (decimal 8249)
   defining Unicode char U+203A (decimal 8250)
   defining Unicode char U+2423 (decimal 9251)
)
Now handling font encoding OT1 ...
... processing UTF-8 mapping file for font encoding OT1

("C:\Program Files (x86)\MiKTeX 2.9\tex\latex\base\ot1enc.dfu"
File: ot1enc.dfu 2016/02/28 v1.1s UTF-8 support for inputenc
   defining Unicode char U+00A0 (decimal 160)
   defining Unicode char U+00A1 (decimal 161)
   defining Unicode char U+00A3 (decimal 163)
   defining Unicode char U+00AD (decimal 173)
   defining Unicode char U+00B8 (decimal 184)
   defining Unicode char U+00BF (decimal 191)
   defining Unicode char U+00C5 (decimal 197)
   defining Unicode char U+00C6 (decimal 198)
   defining Unicode char U+00D8 (decimal 216)
   defining Unicode char U+00DF (decimal 223)
   defining Unicode char U+00E6 (decimal 230)
   defining Unicode char U+00EC (decimal 236)
   defining Unicode char U+00ED (decimal 237)
   defining Unicode char U+00EE (decimal 238)
   defining Unicode char U+00EF (decimal 239)
   defining Unicode char U+00F8 (decimal 248)
   defining Unicode char U+0131 (decimal 305)
   defining Unicode char U+0141 (decimal 321)
   defining Unicode char U+0142 (decimal 322)
   defining Unicode char U+0152 (decimal 338)
   defining Unicode char U+0153 (decimal 339)
   defining Unicode char U+0174 (decimal 372)
   defining Unicode char U+0175 (decimal 373)
   defining Unicode char U+0176 (decimal 374)
   defining Unicode char U+0177 (decimal 375)
   defining Unicode char U+0218 (decimal 536)
   defining Unicode char U+0219 (decimal 537)
   defining Unicode char U+021A (decimal 538)
   defining Unicode char U+021B (decimal 539)
   defining Unicode char U+2013 (decimal 8211)
   defining Unicode char U+2014 (decimal 8212)
   defining Unicode char U+2018 (decimal 8216)
   defining Unicode char U+2019 (decimal 8217)
   defining Unicode char U+201C (decimal 8220)
   defining Unicode char U+201D (decimal 8221)
)
Now handling font encoding OMS ...
... processing UTF-8 mapping file for font encoding OMS

("C:\Program Files (x86)\MiKTeX 2.9\tex\latex\base\omsenc.dfu"
File: omsenc.dfu 2016/02/28 v1.1s UTF-8 support for inputenc
   defining Unicode char U+00A7 (decimal 167)
   defining Unicode char U+00B6 (decimal 182)
   defining Unicode char U+00B7 (decimal 183)
   defining Unicode char U+2020 (decimal 8224)
   defining Unicode char U+2021 (decimal 8225)
   defining Unicode char U+2022 (decimal 8226)
)
Now handling font encoding OMX ...
... no UTF-8 mapping file for font encoding OMX
Now handling font encoding U ...
... no UTF-8 mapping file for font encoding U
   defining Unicode char U+00A9 (decimal 169)
   defining Unicode char U+00AA (decimal 170)
   defining Unicode char U+00AE (decimal 174)
   defining Unicode char U+00BA (decimal 186)
   defining Unicode char U+02C6 (decimal 710)
   defining Unicode char U+02DC (decimal 732)
   defining Unicode char U+200C (decimal 8204)
   defining Unicode char U+2026 (decimal 8230)
   defining Unicode char U+2122 (decimal 8482)
   defining Unicode char U+2423 (decimal 9251)
))
(C:\Users\Ivan\AppData\Roaming\MiKTeX\2.9\tex\latex\setspace\setspace.sty
Package: setspace 2011/12/19 v6.7a set line spacing
)
("C:\Program Files (x86)\MiKTeX 2.9\tex\latex\amsmath\amsmath.sty"
Package: amsmath 2016/06/28 v2.15d AMS math features
\@mathmargin=\skip69

For additional information on amsmath, use the `?' option.
("C:\Program Files (x86)\MiKTeX 2.9\tex\latex\amsmath\amsbsy.sty"
Package: amsbsy 1999/11/29 v1.2d Bold Symbols
\pmbraise@=\dimen183
)
("C:\Program Files (x86)\MiKTeX 2.9\tex\latex\amsmath\amsopn.sty"
Package: amsopn 2016/03/08 v2.02 operator names
)
\inf@bad=\count166
LaTeX Info: Redefining \frac on input line 199.
\uproot@=\count167
\leftroot@=\count168
LaTeX Info: Redefining \overline on input line 297.
\classnum@=\count169
\DOTSCASE@=\count170
LaTeX Info: Redefining \ldots on input line 394.
LaTeX Info: Redefining \dots on input line 397.
LaTeX Info: Redefining \cdots on input line 518.
\Mathstrutbox@=\box51
\strutbox@=\box52
\big@size=\dimen184
LaTeX Font Info:    Redeclaring font encoding OML on input line 634.
LaTeX Font Info:    Redeclaring font encoding OMS on input line 635.
\macc@depth=\count171
\c@MaxMatrixCols=\count172
\dotsspace@=\muskip16
\c@parentequation=\count173
\dspbrk@lvl=\count174
\tag@help=\toks24
\row@=\count175
\column@=\count176
\maxfields@=\count177
\andhelp@=\toks25
\eqnshift@=\dimen185
\alignsep@=\dimen186
\tagshift@=\dimen187
\tagwidth@=\dimen188
\totwidth@=\dimen189
\lineht@=\dimen190
\@envbody=\toks26
\multlinegap=\skip70
\multlinetaggap=\skip71
\mathdisplay@stack=\toks27
LaTeX Info: Redefining \[ on input line 2739.
LaTeX Info: Redefining \] on input line 2740.
)
("C:\Program Files (x86)\MiKTeX 2.9\tex\latex\amsfonts\amssymb.sty"
Package: amssymb 2013/01/14 v3.01 AMS font symbols

("C:\Program Files (x86)\MiKTeX 2.9\tex\latex\amsfonts\amsfonts.sty"
Package: amsfonts 2013/01/14 v3.01 Basic AMSFonts support
\symAMSa=\mathgroup4
\symAMSb=\mathgroup5
LaTeX Font Info:    Overwriting math alphabet `\mathfrak' in version `bold'
(Font)                  U/euf/m/n --> U/euf/b/n on input line 106.
))
("C:\Program Files (x86)\MiKTeX 2.9\tex\latex\graphics\color.sty"
Package: color 2016/07/10 v1.1e Standard LaTeX Color (DPC)

("C:\Program Files (x86)\MiKTeX 2.9\tex\latex\00miktex\color.cfg"
File: color.cfg 2016/01/02 v1.6 sample color configuration
)
Package color Info: Driver file: pdftex.def on input line 147.
)
(C:\Users\Ivan\AppData\Roaming\MiKTeX\2.9\tex\latex\natbib\natbib.sty
Package: natbib 2010/09/13 8.31b (PWD, AO)
\bibhang=\skip72
\bibsep=\skip73
LaTeX Info: Redefining \cite on input line 694.
\c@NAT@ctr=\count178
)
(C:\Users\Ivan\AppData\Roaming\MiKTeX\2.9\tex\latex\tocbibind\tocbibind.sty
Package: tocbibind 2010/10/13 v1.5k extra ToC listings
Package tocbibind Info: The document has chapter divisions on input line 50.


Package tocbibind Note: Using chapter style headings, unless overridden.

) (Tesina.aux
LaTeX Info: Redefining \. on input line 6.
LaTeX Info: Redefining \% on input line 6.
)
\openout1 = `Tesina.aux'.

LaTeX Font Info:    Checking defaults for OML/cmm/m/it on input line 60.
LaTeX Font Info:    ... okay on input line 60.
LaTeX Font Info:    Checking defaults for T1/cmr/m/n on input line 60.
LaTeX Font Info:    ... okay on input line 60.
LaTeX Font Info:    Checking defaults for OT1/cmr/m/n on input line 60.
LaTeX Font Info:    ... okay on input line 60.
LaTeX Font Info:    Checking defaults for OMS/cmsy/m/n on input line 60.
LaTeX Font Info:    ... okay on input line 60.
LaTeX Font Info:    Checking defaults for OMX/cmex/m/n on input line 60.
LaTeX Font Info:    ... okay on input line 60.
LaTeX Font Info:    Checking defaults for U/cmr/m/n on input line 60.
LaTeX Font Info:    ... okay on input line 60.

*geometry* driver: auto-detecting
*geometry* detected driver: pdftex
*geometry* verbose mode - [ preamble ] result:
* driver: pdftex
* paper: a4paper
* layout: <same size as paper>
* layoutoffset:(h,v)=(0.0pt,0.0pt)
* modes: 
* h-part:(L,W,R)=(99.58464pt, 469.47049pt, 28.45274pt)
* v-part:(T,H,B)=(85.35826pt, 717.00946pt, 42.67912pt)
* \paperwidth=597.50787pt
* \paperheight=845.04684pt
* \textwidth=469.47049pt
* \textheight=717.00946pt
* \oddsidemargin=27.31465pt
* \evensidemargin=27.31465pt
* \topmargin=-23.91173pt
* \headheight=12.0pt
* \headsep=25.0pt
* \topskip=12.0pt
* \footskip=30.0pt
* \marginparwidth=35.0pt
* \marginparsep=10.0pt
* \columnsep=10.0pt
* \skip\footins=10.8pt plus 4.0pt minus 2.0pt
* \hoffset=0.0pt
* \voffset=0.0pt
* \mag=1000
* \@twocolumnfalse
* \@twosidefalse
* \@mparswitchfalse
* \@reversemarginfalse
* (1in=72.27pt=25.4mm, 1cm=28.453pt)

(C:\Users\Ivan\AppData\Roaming\MiKTeX\2.9\tex\context\base\supp-pdf.mkii
[Loading MPS to PDF converter (version 2006.09.02).]
\scratchcounter=\count179
\scratchdimen=\dimen191
\scratchbox=\box53
\nofMPsegments=\count180
\nofMParguments=\count181
\everyMPshowfont=\toks28
\MPscratchCnt=\count182
\MPscratchDim=\dimen192
\MPnumerator=\count183
\makeMPintoPDFobject=\count184
\everyMPtoPDFconversion=\toks29
) ("C:\Program Files (x86)\MiKTeX 2.9\tex\latex\oberdiek\epstopdf-base.sty"
Package: epstopdf-base 2016/05/15 v2.6 Base part for package epstopdf

("C:\Program Files (x86)\MiKTeX 2.9\tex\latex\oberdiek\grfext.sty"
Package: grfext 2016/05/16 v1.2 Manage graphics extensions (HO)

("C:\Program Files (x86)\MiKTeX 2.9\tex\generic\oberdiek\kvdefinekeys.sty"
Package: kvdefinekeys 2016/05/16 v1.4 Define keys (HO)
))
Package epstopdf-base Info: Redefining graphics rule for `.eps' on input line 4
38.
Package grfext Info: Graphics extension search list:
(grfext)             [.png,.pdf,.jpg,.mps,.jpeg,.jbig2,.jb2,.PNG,.PDF,.JPG,.JPE
G,.JBIG2,.JB2,.eps]
(grfext)             \AppendGraphicsExtensions on input line 456.
)
Package caption Info: Begin \AtBeginDocument code.
Package caption Info: subfig package v1.3 is loaded.
Package caption Info: float package is loaded.
Package caption Info: End \AtBeginDocument code.
Now handling font encoding TS1 ...
... processing UTF-8 mapping file for font encoding TS1

("C:\Program Files (x86)\MiKTeX 2.9\tex\latex\base\ts1enc.dfu"
File: ts1enc.dfu 2016/02/28 v1.1s UTF-8 support for inputenc
   defining Unicode char U+00A2 (decimal 162)
   defining Unicode char U+00A3 (decimal 163)
   defining Unicode char U+00A4 (decimal 164)
   defining Unicode char U+00A5 (decimal 165)
   defining Unicode char U+00A6 (decimal 166)
   defining Unicode char U+00A7 (decimal 167)
   defining Unicode char U+00A8 (decimal 168)
   defining Unicode char U+00A9 (decimal 169)
   defining Unicode char U+00AA (decimal 170)
   defining Unicode char U+00AC (decimal 172)
   defining Unicode char U+00AE (decimal 174)
   defining Unicode char U+00AF (decimal 175)
   defining Unicode char U+00B0 (decimal 176)
   defining Unicode char U+00B1 (decimal 177)
   defining Unicode char U+00B2 (decimal 178)
   defining Unicode char U+00B3 (decimal 179)
   defining Unicode char U+00B4 (decimal 180)
   defining Unicode char U+00B5 (decimal 181)
   defining Unicode char U+00B6 (decimal 182)
   defining Unicode char U+00B7 (decimal 183)
   defining Unicode char U+00B9 (decimal 185)
   defining Unicode char U+00BA (decimal 186)
   defining Unicode char U+00BC (decimal 188)
   defining Unicode char U+00BD (decimal 189)
   defining Unicode char U+00BE (decimal 190)
   defining Unicode char U+00D7 (decimal 215)
   defining Unicode char U+00F7 (decimal 247)
   defining Unicode char U+0192 (decimal 402)
   defining Unicode char U+02C7 (decimal 711)
   defining Unicode char U+02D8 (decimal 728)
   defining Unicode char U+02DD (decimal 733)
   defining Unicode char U+0E3F (decimal 3647)
   defining Unicode char U+2016 (decimal 8214)
   defining Unicode char U+2020 (decimal 8224)
   defining Unicode char U+2021 (decimal 8225)
   defining Unicode char U+2022 (decimal 8226)
   defining Unicode char U+2030 (decimal 8240)
   defining Unicode char U+2031 (decimal 8241)
   defining Unicode char U+203B (decimal 8251)
   defining Unicode char U+203D (decimal 8253)
   defining Unicode char U+2044 (decimal 8260)
   defining Unicode char U+204E (decimal 8270)
   defining Unicode char U+2052 (decimal 8274)
   defining Unicode char U+20A1 (decimal 8353)
   defining Unicode char U+20A4 (decimal 8356)
   defining Unicode char U+20A6 (decimal 8358)
   defining Unicode char U+20A9 (decimal 8361)
   defining Unicode char U+20AB (decimal 8363)
   defining Unicode char U+20AC (decimal 8364)
   defining Unicode char U+20B1 (decimal 8369)
   defining Unicode char U+2103 (decimal 8451)
   defining Unicode char U+2116 (decimal 8470)
   defining Unicode char U+2117 (decimal 8471)
   defining Unicode char U+211E (decimal 8478)
   defining Unicode char U+2120 (decimal 8480)
   defining Unicode char U+2122 (decimal 8482)
   defining Unicode char U+2126 (decimal 8486)
   defining Unicode char U+2127 (decimal 8487)
   defining Unicode char U+212E (decimal 8494)
   defining Unicode char U+2190 (decimal 8592)
   defining Unicode char U+2191 (decimal 8593)
   defining Unicode char U+2192 (decimal 8594)
   defining Unicode char U+2193 (decimal 8595)
   defining Unicode char U+2329 (decimal 9001)
   defining Unicode char U+232A (decimal 9002)
   defining Unicode char U+2422 (decimal 9250)
   defining Unicode char U+25E6 (decimal 9702)
   defining Unicode char U+25EF (decimal 9711)
   defining Unicode char U+266A (decimal 9834)
)
(C:\Users\Ivan\AppData\Roaming\MiKTeX\2.9\tex\latex\beamer\translator\dicts\tra
nslator-basic-dictionary\translator-basic-dictionary-English.dict
Dictionary: translator-basic-dictionary, Language: English 
)
(C:\Users\Ivan\AppData\Roaming\MiKTeX\2.9\tex\latex\siunitx\siunitx-abbreviatio
ns.cfg
File: siunitx-abbreviations.cfg 2017/02/19 v2.7d siunitx: Abbreviated units
)
LaTeX Info: Redefining \. on input line 60.
LaTeX Info: Redefining \% on input line 60.
\c__siunitx_mathsf_int=\count185
LaTeX Font Info:    Try loading font information for U+msa on input line 60.
 ("C:\Program Files (x86)\MiKTeX 2.9\tex\latex\amsfonts\umsa.fd"
File: umsa.fd 2013/01/14 v3.01 AMS symbols A
)
LaTeX Font Info:    Try loading font information for U+msb on input line 60.

("C:\Program Files (x86)\MiKTeX 2.9\tex\latex\amsfonts\umsb.fd"
File: umsb.fd 2013/01/14 v3.01 AMS symbols B
)
\c__siunitx_mathtt_int=\count186

<Imágenes/UNR.jpg, id=1, 104.39pt x 104.39pt>
File: Imágenes/UNR.jpg Graphic file (type jpg)
 <use Imágenes/UNR.jpg>
Package pdftex.def Info: Imágenes/UNR.jpg used on input line 64.
(pdftex.def)             Requested size: 104.38972pt x 104.38972pt.
 [1

{C:/Users/Ivan/AppData/Local/MiKTeX/2.9/pdftex/config/pdftex.map} <./Imágenes/
UNR.jpg>] [1] (Tesina.toc
LaTeX Info: Redefining \. on input line 1.
LaTeX Info: Redefining \% on input line 1.
 [2


])
\tf@toc=\write3
\openout3 = `Tesina.toc'.

 [3]
Cap\'{\i }tulo 1.
[1


] [2] [3] [4] [5] [6]
Cap\'{\i }tulo 2.
[7

] [8]
Cap\'{\i }tulo 3.
[9

] [10] [11] [12] [13] [14] [15] [16] [17] [18] [19] [20] [21] [22] [23]
[24] [25] [26] [27] [28] [29]
<Imágenes/2.png, id=127, 1033.61156pt x 596.2275pt>
File: Imágenes/2.png Graphic file (type png)
 <use Imágenes/2.png>
Package pdftex.def Info: Imágenes/2.png used on input line 744.
(pdftex.def)             Requested size: 375.85353pt x 216.81pt.

[30] [31 <./Imágenes/2.png>] [32]
<Imágenes/6.png, id=137, 864.98157pt x 572.1375pt>
File: Imágenes/6.png Graphic file (type png)
 <use Imágenes/6.png>
Package pdftex.def Info: Imágenes/6.png used on input line 773.
(pdftex.def)             Requested size: 409.73544pt x 271.0125pt.

[33 <./Imágenes/6.png>] [34] [35] [36] [37] [38]
Cap\'{\i }tulo 4.
[39

] [40] [41] [42]
LaTeX Font Info:    Try loading font information for OMS+cmr on input line 935.

 ("C:\Program Files (x86)\MiKTeX 2.9\tex\latex\base\omscmr.fd"
File: omscmr.fd 2014/09/29 v2.5h Standard LaTeX font definitions
)
LaTeX Font Info:    Font shape `OMS/cmr/m/n' in size <12> not available
(Font)              Font shape `OMS/cmsy/m/n' tried instead on input line 935.
 [43] [44] <Imágenes/ECM P 100 MC.png, id=176, 466.74374pt x 338.76563pt>
File: Imágenes/ECM P 100 MC.png Graphic file (type png)

<use Imágenes/ECM P 100 MC.png>
Package pdftex.def Info: Imágenes/ECM P 100 MC.png used on input line 991.
(pdftex.def)             Requested size: 298.72209pt x 216.81pt.

<Imágenes/ECM P 100.png, id=177, 466.74374pt x 339.51843pt>
File: Imágenes/ECM P 100.png Graphic file (type png)

<use Imágenes/ECM P 100.png>
Package pdftex.def Info: Imágenes/ECM P 100.png used on input line 1000.
(pdftex.def)             Requested size: 298.05263pt x 216.81pt.
 [45 <./Imágenes/ECM P 100 MC.png>]
<Imágenes/ECM P 200.png, id=183, 467.49657pt x 339.51843pt>
File: Imágenes/ECM P 200.png Graphic file (type png)

<use Imágenes/ECM P 200.png>
Package pdftex.def Info: Imágenes/ECM P 200.png used on input line 1012.
(pdftex.def)             Requested size: 298.53337pt x 216.81pt.
 [46 <./Imágenes/ECM P 100.png>]
<Imágenes/ECM P 400.png, id=188, 465.99094pt x 338.76563pt>
File: Imágenes/ECM P 400.png Graphic file (type png)

<use Imágenes/ECM P 400.png>
Package pdftex.def Info: Imágenes/ECM P 400.png used on input line 1021.
(pdftex.def)             Requested size: 298.24028pt x 216.81pt.
 [47 <./Imágenes/ECM P 200.png> <./Imágenes/ECM P 400.png>] [48]
<Imágenes/P 100 K 02 B1 MC.png, id=198, 473.51906pt x 341.02406pt>
File: Imágenes/P 100 K 02 B1 MC.png Graphic file (type png)

<use Imágenes/P 100 K 02 B1 MC.png>
Package pdftex.def Info: Imágenes/P 100 K 02 B1 MC.png used on input line 1070
.
(pdftex.def)             Requested size: 226.19931pt x 162.90395pt.

<Imágenes/P 100 K 10 B1 MC.png, id=199, 473.51906pt x 341.02406pt>
File: Imágenes/P 100 K 10 B1 MC.png Graphic file (type png)

<use Imágenes/P 100 K 10 B1 MC.png>
Package pdftex.def Info: Imágenes/P 100 K 10 B1 MC.png used on input line 1073
.
(pdftex.def)             Requested size: 226.19931pt x 162.90395pt.

<Imágenes/P 100 K 20 B1 MC.png, id=200, 473.51906pt x 341.02406pt>
File: Imágenes/P 100 K 20 B1 MC.png Graphic file (type png)

<use Imágenes/P 100 K 20 B1 MC.png>
Package pdftex.def Info: Imágenes/P 100 K 20 B1 MC.png used on input line 1077
.
(pdftex.def)             Requested size: 226.19931pt x 162.90395pt.

<Imágenes/P 100 K 30 B1 MC.png, id=201, 473.51906pt x 341.02406pt>
File: Imágenes/P 100 K 30 B1 MC.png Graphic file (type png)

<use Imágenes/P 100 K 30 B1 MC.png>
Package pdftex.def Info: Imágenes/P 100 K 30 B1 MC.png used on input line 1080
.
(pdftex.def)             Requested size: 226.19931pt x 162.90395pt.

<Imágenes/P 100 K 40 B1 MC.png, id=202, 473.51906pt x 341.02406pt>
File: Imágenes/P 100 K 40 B1 MC.png Graphic file (type png)

<use Imágenes/P 100 K 40 B1 MC.png>
Package pdftex.def Info: Imágenes/P 100 K 40 B1 MC.png used on input line 1084
.
(pdftex.def)             Requested size: 226.19931pt x 162.90395pt.

<Imágenes/P 100 K 50 B1 MC.png, id=203, 473.51906pt x 341.02406pt>
File: Imágenes/P 100 K 50 B1 MC.png Graphic file (type png)

<use Imágenes/P 100 K 50 B1 MC.png>
Package pdftex.def Info: Imágenes/P 100 K 50 B1 MC.png used on input line 1087
.
(pdftex.def)             Requested size: 226.19931pt x 162.90395pt.
 [49]
<Imágenes/P 100 K 02 B1.png, id=207, 448.67625pt x 341.02406pt>
File: Imágenes/P 100 K 02 B1.png Graphic file (type png)

<use Imágenes/P 100 K 02 B1.png>
Package pdftex.def Info: Imágenes/P 100 K 02 B1.png used on input line 1096.
(pdftex.def)             Requested size: 226.19931pt x 171.92699pt.

<Imágenes/P 100 K 10 B1.png, id=208, 448.67625pt x 341.02406pt>
File: Imágenes/P 100 K 10 B1.png Graphic file (type png)

<use Imágenes/P 100 K 10 B1.png>
Package pdftex.def Info: Imágenes/P 100 K 10 B1.png used on input line 1099.
(pdftex.def)             Requested size: 226.19931pt x 171.92699pt.

<Imágenes/P 100 K 20 B1.png, id=209, 448.67625pt x 341.02406pt>
File: Imágenes/P 100 K 20 B1.png Graphic file (type png)

<use Imágenes/P 100 K 20 B1.png>
Package pdftex.def Info: Imágenes/P 100 K 20 B1.png used on input line 1103.
(pdftex.def)             Requested size: 226.19931pt x 171.92699pt.

<Imágenes/P 100 K 30 B1.png, id=210, 448.67625pt x 341.02406pt>
File: Imágenes/P 100 K 30 B1.png Graphic file (type png)

<use Imágenes/P 100 K 30 B1.png>
Package pdftex.def Info: Imágenes/P 100 K 30 B1.png used on input line 1106.
(pdftex.def)             Requested size: 226.19931pt x 171.92699pt.

<Imágenes/P 100 K 40 B1.png, id=211, 448.67625pt x 341.02406pt>
File: Imágenes/P 100 K 40 B1.png Graphic file (type png)

<use Imágenes/P 100 K 40 B1.png>
Package pdftex.def Info: Imágenes/P 100 K 40 B1.png used on input line 1110.
(pdftex.def)             Requested size: 226.19931pt x 171.92699pt.

<Imágenes/P 100 K 50 B1.png, id=212, 448.67625pt x 341.02406pt>
File: Imágenes/P 100 K 50 B1.png Graphic file (type png)

<use Imágenes/P 100 K 50 B1.png>
Package pdftex.def Info: Imágenes/P 100 K 50 B1.png used on input line 1113.
(pdftex.def)             Requested size: 226.19931pt x 171.92699pt.
 [50 <./Imágenes/P 100 K 02 B1 MC.png> <./Imágenes/P 100 K 10 B1 MC.png> <./I
mágenes/P 100 K 20 B1 MC.png> <./Imágenes/P 100 K 30 B1 MC.png> <./Imágenes/
P 100 K 40 B1 MC.png> <./Imágenes/P 100 K 50 B1 MC.png>] [51 <./Imágenes/P 10
0 K 02 B1.png> <./Imágenes/P 100 K 10 B1.png> <./Imágenes/P 100 K 20 B1.png> 
<./Imágenes/P 100 K 30 B1.png> <./Imágenes/P 100 K 40 B1.png> <./Imágenes/P 
100 K 50 B1.png>] [52]
<Imágenes/P 200 K 002 B1.png, id=236, 448.67625pt x 341.02406pt>
File: Imágenes/P 200 K 002 B1.png Graphic file (type png)

<use Imágenes/P 200 K 002 B1.png>
Package pdftex.def Info: Imágenes/P 200 K 002 B1.png used on input line 1161.
(pdftex.def)             Requested size: 226.19931pt x 171.92699pt.

<Imágenes/P 200 K 010 B1.png, id=237, 448.67625pt x 341.02406pt>
File: Imágenes/P 200 K 010 B1.png Graphic file (type png)

<use Imágenes/P 200 K 010 B1.png>
Package pdftex.def Info: Imágenes/P 200 K 010 B1.png used on input line 1164.
(pdftex.def)             Requested size: 226.19931pt x 171.92699pt.

<Imágenes/P 200 K 030 B1.png, id=238, 448.67625pt x 341.02406pt>
File: Imágenes/P 200 K 030 B1.png Graphic file (type png)

<use Imágenes/P 200 K 030 B1.png>
Package pdftex.def Info: Imágenes/P 200 K 030 B1.png used on input line 1168.
(pdftex.def)             Requested size: 226.19931pt x 171.92699pt.

<Imágenes/P 200 K 050 B1.png, id=239, 448.67625pt x 341.02406pt>
File: Imágenes/P 200 K 050 B1.png Graphic file (type png)

<use Imágenes/P 200 K 050 B1.png>
Package pdftex.def Info: Imágenes/P 200 K 050 B1.png used on input line 1171.
(pdftex.def)             Requested size: 226.19931pt x 171.92699pt.

<Imágenes/P 200 K 070 B1.png, id=240, 448.67625pt x 341.02406pt>
File: Imágenes/P 200 K 070 B1.png Graphic file (type png)

<use Imágenes/P 200 K 070 B1.png>
Package pdftex.def Info: Imágenes/P 200 K 070 B1.png used on input line 1175.
(pdftex.def)             Requested size: 226.19931pt x 171.92699pt.

<Imágenes/P 200 K 100 B1.png, id=241, 448.67625pt x 341.02406pt>
File: Imágenes/P 200 K 100 B1.png Graphic file (type png)

<use Imágenes/P 200 K 100 B1.png>
Package pdftex.def Info: Imágenes/P 200 K 100 B1.png used on input line 1178.
(pdftex.def)             Requested size: 226.19931pt x 171.92699pt.
 [53 <./Imágenes/P 200 K 002 B1.png> <./Imágenes/P 200 K 010 B1.png> <./Imág
enes/P 200 K 030 B1.png> <./Imágenes/P 200 K 050 B1.png> <./Imágenes/P 200 K 
070 B1.png> <./Imágenes/P 200 K 100 B1.png>] <Imágenes/P 400 K 002 B1.png, id
=251, 448.67625pt x 341.02406pt>
File: Imágenes/P 400 K 002 B1.png Graphic file (type png)

<use Imágenes/P 400 K 002 B1.png>
Package pdftex.def Info: Imágenes/P 400 K 002 B1.png used on input line 1220.
(pdftex.def)             Requested size: 226.19931pt x 171.92699pt.

<Imágenes/P 400 K 010 B1.png, id=252, 448.67625pt x 341.02406pt>
File: Imágenes/P 400 K 010 B1.png Graphic file (type png)

<use Imágenes/P 400 K 010 B1.png>
Package pdftex.def Info: Imágenes/P 400 K 010 B1.png used on input line 1223.
(pdftex.def)             Requested size: 226.19931pt x 171.92699pt.

<Imágenes/P 400 K 030 B1.png, id=253, 448.67625pt x 341.02406pt>
File: Imágenes/P 400 K 030 B1.png Graphic file (type png)

<use Imágenes/P 400 K 030 B1.png>
Package pdftex.def Info: Imágenes/P 400 K 030 B1.png used on input line 1227.
(pdftex.def)             Requested size: 226.19931pt x 171.92699pt.

<Imágenes/P 400 K 050 B1.png, id=254, 448.67625pt x 341.02406pt>
File: Imágenes/P 400 K 050 B1.png Graphic file (type png)

<use Imágenes/P 400 K 050 B1.png>
Package pdftex.def Info: Imágenes/P 400 K 050 B1.png used on input line 1230.
(pdftex.def)             Requested size: 226.19931pt x 171.92699pt.

<Imágenes/P 400 K 100 B1.png, id=255, 448.67625pt x 341.02406pt>
File: Imágenes/P 400 K 100 B1.png Graphic file (type png)

<use Imágenes/P 400 K 100 B1.png>
Package pdftex.def Info: Imágenes/P 400 K 100 B1.png used on input line 1234.
(pdftex.def)             Requested size: 226.19931pt x 171.92699pt.

<Imágenes/P 400 K 200 B1.png, id=256, 448.67625pt x 341.02406pt>
File: Imágenes/P 400 K 200 B1.png Graphic file (type png)

<use Imágenes/P 400 K 200 B1.png>
Package pdftex.def Info: Imágenes/P 400 K 200 B1.png used on input line 1237.
(pdftex.def)             Requested size: 226.19931pt x 171.92699pt.
 [54] [55 <./Imágenes/P 400 K 002 B1.png> <./Imágenes/P 400 K 010 B1.png> <./
Imágenes/P 400 K 030 B1.png> <./Imágenes/P 400 K 050 B1.png> <./Imágenes/P 4
00 K 100 B1.png> <./Imágenes/P 400 K 200 B1.png>] [56] <Imágenes/P 100 K 02 B
0 MC.png, id=272, 473.51906pt x 341.02406pt>
File: Imágenes/P 100 K 02 B0 MC.png Graphic file (type png)

<use Imágenes/P 100 K 02 B0 MC.png>
Package pdftex.def Info: Imágenes/P 100 K 02 B0 MC.png used on input line 1285
.
(pdftex.def)             Requested size: 226.19931pt x 162.90395pt.

<Imágenes/P 100 K 10 B0 MC.png, id=273, 473.51906pt x 341.02406pt>
File: Imágenes/P 100 K 10 B0 MC.png Graphic file (type png)

<use Imágenes/P 100 K 10 B0 MC.png>
Package pdftex.def Info: Imágenes/P 100 K 10 B0 MC.png used on input line 1288
.
(pdftex.def)             Requested size: 226.19931pt x 162.90395pt.

<Imágenes/P 100 K 20 B0 MC.png, id=274, 473.51906pt x 341.02406pt>
File: Imágenes/P 100 K 20 B0 MC.png Graphic file (type png)

<use Imágenes/P 100 K 20 B0 MC.png>
Package pdftex.def Info: Imágenes/P 100 K 20 B0 MC.png used on input line 1292
.
(pdftex.def)             Requested size: 226.19931pt x 162.90395pt.

<Imágenes/P 100 K 30 B0 MC.png, id=275, 473.51906pt x 341.02406pt>
File: Imágenes/P 100 K 30 B0 MC.png Graphic file (type png)

<use Imágenes/P 100 K 30 B0 MC.png>
Package pdftex.def Info: Imágenes/P 100 K 30 B0 MC.png used on input line 1295
.
(pdftex.def)             Requested size: 226.19931pt x 162.90395pt.

<Imágenes/P 100 K 40 B0 MC.png, id=276, 473.51906pt x 341.02406pt>
File: Imágenes/P 100 K 40 B0 MC.png Graphic file (type png)

<use Imágenes/P 100 K 40 B0 MC.png>
Package pdftex.def Info: Imágenes/P 100 K 40 B0 MC.png used on input line 1299
.
(pdftex.def)             Requested size: 226.19931pt x 162.90395pt.

<Imágenes/P 100 K 50 B0 MC.png, id=277, 473.51906pt x 341.02406pt>
File: Imágenes/P 100 K 50 B0 MC.png Graphic file (type png)

<use Imágenes/P 100 K 50 B0 MC.png>
Package pdftex.def Info: Imágenes/P 100 K 50 B0 MC.png used on input line 1302
.
(pdftex.def)             Requested size: 226.19931pt x 162.90395pt.
 [57]
<Imágenes/P 100 K 02 B0.png, id=282, 448.67625pt x 341.02406pt>
File: Imágenes/P 100 K 02 B0.png Graphic file (type png)

<use Imágenes/P 100 K 02 B0.png>
Package pdftex.def Info: Imágenes/P 100 K 02 B0.png used on input line 1311.
(pdftex.def)             Requested size: 226.19931pt x 171.92699pt.

<Imágenes/P 100 K 10 B0.png, id=283, 448.67625pt x 341.02406pt>
File: Imágenes/P 100 K 10 B0.png Graphic file (type png)

<use Imágenes/P 100 K 10 B0.png>
Package pdftex.def Info: Imágenes/P 100 K 10 B0.png used on input line 1314.
(pdftex.def)             Requested size: 226.19931pt x 171.92699pt.

<Imágenes/P 100 K 20 B0.png, id=284, 448.67625pt x 341.02406pt>
File: Imágenes/P 100 K 20 B0.png Graphic file (type png)

<use Imágenes/P 100 K 20 B0.png>
Package pdftex.def Info: Imágenes/P 100 K 20 B0.png used on input line 1318.
(pdftex.def)             Requested size: 226.19931pt x 171.92699pt.

<Imágenes/P 100 K 30 B0.png, id=285, 448.67625pt x 341.02406pt>
File: Imágenes/P 100 K 30 B0.png Graphic file (type png)

<use Imágenes/P 100 K 30 B0.png>
Package pdftex.def Info: Imágenes/P 100 K 30 B0.png used on input line 1321.
(pdftex.def)             Requested size: 226.19931pt x 171.92699pt.

<Imágenes/P 100 K 40 B0.png, id=286, 448.67625pt x 341.02406pt>
File: Imágenes/P 100 K 40 B0.png Graphic file (type png)

<use Imágenes/P 100 K 40 B0.png>
Package pdftex.def Info: Imágenes/P 100 K 40 B0.png used on input line 1325.
(pdftex.def)             Requested size: 226.19931pt x 171.92699pt.

<Imágenes/P 100 K 50 B0.png, id=287, 448.67625pt x 341.02406pt>
File: Imágenes/P 100 K 50 B0.png Graphic file (type png)

<use Imágenes/P 100 K 50 B0.png>
Package pdftex.def Info: Imágenes/P 100 K 50 B0.png used on input line 1328.
(pdftex.def)             Requested size: 226.19931pt x 171.92699pt.
 [58 <./Imágenes/P 100 K 02 B0 MC.png> <./Imágenes/P 100 K 10 B0 MC.png> <./I
mágenes/P 100 K 20 B0 MC.png> <./Imágenes/P 100 K 30 B0 MC.png> <./Imágenes/
P 100 K 40 B0 MC.png> <./Imágenes/P 100 K 50 B0 MC.png>] [59 <./Imágenes/P 10
0 K 02 B0.png> <./Imágenes/P 100 K 10 B0.png> <./Imágenes/P 100 K 20 B0.png> 
<./Imágenes/P 100 K 30 B0.png> <./Imágenes/P 100 K 40 B0.png> <./Imágenes/P 
100 K 50 B0.png>]
<Imágenes/P 200 K 002 B0.png, id=306, 448.67625pt x 341.02406pt>
File: Imágenes/P 200 K 002 B0.png Graphic file (type png)

<use Imágenes/P 200 K 002 B0.png>
Package pdftex.def Info: Imágenes/P 200 K 002 B0.png used on input line 1374.
(pdftex.def)             Requested size: 226.19931pt x 171.92699pt.

<Imágenes/P 200 K 010 B0.png, id=307, 448.67625pt x 341.02406pt>
File: Imágenes/P 200 K 010 B0.png Graphic file (type png)

<use Imágenes/P 200 K 010 B0.png>
Package pdftex.def Info: Imágenes/P 200 K 010 B0.png used on input line 1377.
(pdftex.def)             Requested size: 226.19931pt x 171.92699pt.

<Imágenes/P 200 K 030 B0.png, id=308, 448.67625pt x 341.02406pt>
File: Imágenes/P 200 K 030 B0.png Graphic file (type png)

<use Imágenes/P 200 K 030 B0.png>
Package pdftex.def Info: Imágenes/P 200 K 030 B0.png used on input line 1381.
(pdftex.def)             Requested size: 226.19931pt x 171.92699pt.

<Imágenes/P 200 K 050 B0.png, id=309, 448.67625pt x 341.02406pt>
File: Imágenes/P 200 K 050 B0.png Graphic file (type png)

<use Imágenes/P 200 K 050 B0.png>
Package pdftex.def Info: Imágenes/P 200 K 050 B0.png used on input line 1384.
(pdftex.def)             Requested size: 226.19931pt x 171.92699pt.

<Imágenes/P 200 K 070 B0.png, id=310, 448.67625pt x 341.02406pt>
File: Imágenes/P 200 K 070 B0.png Graphic file (type png)

<use Imágenes/P 200 K 070 B0.png>
Package pdftex.def Info: Imágenes/P 200 K 070 B0.png used on input line 1388.
(pdftex.def)             Requested size: 226.19931pt x 171.92699pt.

<Imágenes/P 200 K 100 B0.png, id=311, 448.67625pt x 341.02406pt>
File: Imágenes/P 200 K 100 B0.png Graphic file (type png)

<use Imágenes/P 200 K 100 B0.png>
Package pdftex.def Info: Imágenes/P 200 K 100 B0.png used on input line 1391.
(pdftex.def)             Requested size: 226.19931pt x 171.92699pt.
 [60] [61 <./Imágenes/P 200 K 002 B0.png> <./Imágenes/P 200 K 010 B0.png> <./
Imágenes/P 200 K 030 B0.png> <./Imágenes/P 200 K 050 B0.png> <./Imágenes/P 2
00 K 070 B0.png> <./Imágenes/P 200 K 100 B0.png>] <Imágenes/P 400 K 002 B0.pn
g, id=324, 448.67625pt x 341.02406pt>
File: Imágenes/P 400 K 002 B0.png Graphic file (type png)

<use Imágenes/P 400 K 002 B0.png>
Package pdftex.def Info: Imágenes/P 400 K 002 B0.png used on input line 1429.
(pdftex.def)             Requested size: 226.19931pt x 171.92699pt.

<Imágenes/P 400 K 010 B0.png, id=325, 448.67625pt x 341.02406pt>
File: Imágenes/P 400 K 010 B0.png Graphic file (type png)

<use Imágenes/P 400 K 010 B0.png>
Package pdftex.def Info: Imágenes/P 400 K 010 B0.png used on input line 1432.
(pdftex.def)             Requested size: 226.19931pt x 171.92699pt.

<Imágenes/P 400 K 030 B0.png, id=326, 448.67625pt x 341.02406pt>
File: Imágenes/P 400 K 030 B0.png Graphic file (type png)

<use Imágenes/P 400 K 030 B0.png>
Package pdftex.def Info: Imágenes/P 400 K 030 B0.png used on input line 1436.
(pdftex.def)             Requested size: 226.19931pt x 171.92699pt.

<Imágenes/P 400 K 050 B0.png, id=327, 448.67625pt x 341.02406pt>
File: Imágenes/P 400 K 050 B0.png Graphic file (type png)

<use Imágenes/P 400 K 050 B0.png>
Package pdftex.def Info: Imágenes/P 400 K 050 B0.png used on input line 1439.
(pdftex.def)             Requested size: 226.19931pt x 171.92699pt.

<Imágenes/P 400 K 100 B0.png, id=328, 448.67625pt x 341.02406pt>
File: Imágenes/P 400 K 100 B0.png Graphic file (type png)

<use Imágenes/P 400 K 100 B0.png>
Package pdftex.def Info: Imágenes/P 400 K 100 B0.png used on input line 1443.
(pdftex.def)             Requested size: 226.19931pt x 171.92699pt.

<Imágenes/P 400 K 200 B0.png, id=329, 448.67625pt x 341.02406pt>
File: Imágenes/P 400 K 200 B0.png Graphic file (type png)

<use Imágenes/P 400 K 200 B0.png>
Package pdftex.def Info: Imágenes/P 400 K 200 B0.png used on input line 1446.
(pdftex.def)             Requested size: 226.19931pt x 171.92699pt.
 [62] [63 <./Imágenes/P 400 K 002 B0.png> <./Imágenes/P 400 K 010 B0.png> <./
Imágenes/P 400 K 030 B0.png> <./Imágenes/P 400 K 050 B0.png> <./Imágenes/P 4
00 K 100 B0.png> <./Imágenes/P 400 K 200 B0.png>] [64] [65] [66]
Cap\'{\i }tulo 5.
[67

] [68] [69] [70] (Tesina.bbl [71] [72

] [73] [74]) [75] [76

] [77] [78]
[79] [80

] [81] [82] [83] [84

] [85] [86] [87] [88] [89] [90] [91] [92] [93]
[94] [95] [96] [97] [98

]
File: Imágenes/P 100 K 02 B1.png Graphic file (type png)
 <use Imágenes/P 100 K 02 B1.png>
Package pdftex.def Info: Imágenes/P 100 K 02 B1.png used on input line 2244.
(pdftex.def)             Requested size: 226.19931pt x 171.92699pt.

<Imágenes/P 100 K 04 B1.png, id=454, 448.67625pt x 341.02406pt>
File: Imágenes/P 100 K 04 B1.png Graphic file (type png)

<use Imágenes/P 100 K 04 B1.png>
Package pdftex.def Info: Imágenes/P 100 K 04 B1.png used on input line 2247.
(pdftex.def)             Requested size: 226.19931pt x 171.92699pt.

<Imágenes/P 100 K 06 B1.png, id=455, 448.67625pt x 341.02406pt>
File: Imágenes/P 100 K 06 B1.png Graphic file (type png)

<use Imágenes/P 100 K 06 B1.png>
Package pdftex.def Info: Imágenes/P 100 K 06 B1.png used on input line 2251.
(pdftex.def)             Requested size: 226.19931pt x 171.92699pt.

<Imágenes/P 100 K 08 B1.png, id=456, 448.67625pt x 341.02406pt>
File: Imágenes/P 100 K 08 B1.png Graphic file (type png)

<use Imágenes/P 100 K 08 B1.png>
Package pdftex.def Info: Imágenes/P 100 K 08 B1.png used on input line 2254.
(pdftex.def)             Requested size: 226.19931pt x 171.92699pt.
File: Imágenes/P 100 K 10 B1.png Graphic file (type png)
 <use Imágenes/P 100 K 10 B1.png>
Package pdftex.def Info: Imágenes/P 100 K 10 B1.png used on input line 2258.
(pdftex.def)             Requested size: 226.19931pt x 171.92699pt.

<Imágenes/P 100 K 15 B1.png, id=457, 448.67625pt x 341.02406pt>
File: Imágenes/P 100 K 15 B1.png Graphic file (type png)

<use Imágenes/P 100 K 15 B1.png>
Package pdftex.def Info: Imágenes/P 100 K 15 B1.png used on input line 2261.
(pdftex.def)             Requested size: 226.19931pt x 171.92699pt.
 [99 <./Imágenes/P 100 K 04 B1.png> <./Imágenes/P 100 K 06 B1.png> <./Imágen
es/P 100 K 08 B1.png> <./Imágenes/P 100 K 15 B1.png>]
File: Imágenes/P 100 K 20 B1.png Graphic file (type png)
 <use Imágenes/P 100 K 20 B1.png>
Package pdftex.def Info: Imágenes/P 100 K 20 B1.png used on input line 2271.
(pdftex.def)             Requested size: 226.19931pt x 171.92699pt.

<Imágenes/P 100 K 25 B1.png, id=466, 448.67625pt x 341.02406pt>
File: Imágenes/P 100 K 25 B1.png Graphic file (type png)

<use Imágenes/P 100 K 25 B1.png>
Package pdftex.def Info: Imágenes/P 100 K 25 B1.png used on input line 2274.
(pdftex.def)             Requested size: 226.19931pt x 171.92699pt.
File: Imágenes/P 100 K 30 B1.png Graphic file (type png)
 <use Imágenes/P 100 K 30 B1.png>
Package pdftex.def Info: Imágenes/P 100 K 30 B1.png used on input line 2278.
(pdftex.def)             Requested size: 226.19931pt x 171.92699pt.

<Imágenes/P 100 K 35 B1.png, id=467, 448.67625pt x 341.02406pt>
File: Imágenes/P 100 K 35 B1.png Graphic file (type png)

<use Imágenes/P 100 K 35 B1.png>
Package pdftex.def Info: Imágenes/P 100 K 35 B1.png used on input line 2281.
(pdftex.def)             Requested size: 226.19931pt x 171.92699pt.
File: Imágenes/P 100 K 40 B1.png Graphic file (type png)
 <use Imágenes/P 100 K 40 B1.png>
Package pdftex.def Info: Imágenes/P 100 K 40 B1.png used on input line 2285.
(pdftex.def)             Requested size: 226.19931pt x 171.92699pt.

<Imágenes/P 100 K 45 B1.png, id=468, 448.67625pt x 341.02406pt>
File: Imágenes/P 100 K 45 B1.png Graphic file (type png)

<use Imágenes/P 100 K 45 B1.png>
Package pdftex.def Info: Imágenes/P 100 K 45 B1.png used on input line 2288.
(pdftex.def)             Requested size: 226.19931pt x 171.92699pt.
 [100 <./Imágenes/P 100 K 25 B1.png> <./Imágenes/P 100 K 35 B1.png> <./Imáge
nes/P 100 K 45 B1.png>]
File: Imágenes/P 100 K 50 B1.png Graphic file (type png)

<use Imágenes/P 100 K 50 B1.png>
Package pdftex.def Info: Imágenes/P 100 K 50 B1.png used on input line 2297.
(pdftex.def)             Requested size: 226.19931pt x 171.92699pt.
 [101]
File: Imágenes/P 200 K 002 B1.png Graphic file (type png)
 <use Imágenes/P 200 K 002 B1.png>
Package pdftex.def Info: Imágenes/P 200 K 002 B1.png used on input line 2310.
(pdftex.def)             Requested size: 226.19931pt x 171.92699pt.

<Imágenes/P 200 K 004 B1.png, id=478, 448.67625pt x 341.02406pt>
File: Imágenes/P 200 K 004 B1.png Graphic file (type png)

<use Imágenes/P 200 K 004 B1.png>
Package pdftex.def Info: Imágenes/P 200 K 004 B1.png used on input line 2313.
(pdftex.def)             Requested size: 226.19931pt x 171.92699pt.

<Imágenes/P 200 K 006 B1.png, id=479, 448.67625pt x 341.02406pt>
File: Imágenes/P 200 K 006 B1.png Graphic file (type png)

<use Imágenes/P 200 K 006 B1.png>
Package pdftex.def Info: Imágenes/P 200 K 006 B1.png used on input line 2317.
(pdftex.def)             Requested size: 226.19931pt x 171.92699pt.

<Imágenes/P 200 K 008 B1.png, id=480, 448.67625pt x 341.02406pt>
File: Imágenes/P 200 K 008 B1.png Graphic file (type png)

<use Imágenes/P 200 K 008 B1.png>
Package pdftex.def Info: Imágenes/P 200 K 008 B1.png used on input line 2320.
(pdftex.def)             Requested size: 226.19931pt x 171.92699pt.
File: Imágenes/P 200 K 010 B1.png Graphic file (type png)
 <use Imágenes/P 200 K 010 B1.png>
Package pdftex.def Info: Imágenes/P 200 K 010 B1.png used on input line 2324.
(pdftex.def)             Requested size: 226.19931pt x 171.92699pt.

<Imágenes/P 200 K 015 B1.png, id=481, 448.67625pt x 341.02406pt>
File: Imágenes/P 200 K 015 B1.png Graphic file (type png)

<use Imágenes/P 200 K 015 B1.png>
Package pdftex.def Info: Imágenes/P 200 K 015 B1.png used on input line 2327.
(pdftex.def)             Requested size: 226.19931pt x 171.92699pt.
 [102 <./Imágenes/P 200 K 004 B1.png> <./Imágenes/P 200 K 006 B1.png> <./Imá
genes/P 200 K 008 B1.png> <./Imágenes/P 200 K 015 B1.png>]
<Imágenes/P 200 K 020 B1.png, id=489, 448.67625pt x 341.02406pt>
File: Imágenes/P 200 K 020 B1.png Graphic file (type png)

<use Imágenes/P 200 K 020 B1.png>
Package pdftex.def Info: Imágenes/P 200 K 020 B1.png used on input line 2337.
(pdftex.def)             Requested size: 226.19931pt x 171.92699pt.

<Imágenes/P 200 K 025 B1.png, id=490, 448.67625pt x 341.02406pt>
File: Imágenes/P 200 K 025 B1.png Graphic file (type png)

<use Imágenes/P 200 K 025 B1.png>
Package pdftex.def Info: Imágenes/P 200 K 025 B1.png used on input line 2340.
(pdftex.def)             Requested size: 226.19931pt x 171.92699pt.
File: Imágenes/P 200 K 030 B1.png Graphic file (type png)
 <use Imágenes/P 200 K 030 B1.png>
Package pdftex.def Info: Imágenes/P 200 K 030 B1.png used on input line 2344.
(pdftex.def)             Requested size: 226.19931pt x 171.92699pt.

<Imágenes/P 200 K 035 B1.png, id=491, 448.67625pt x 341.02406pt>
File: Imágenes/P 200 K 035 B1.png Graphic file (type png)

<use Imágenes/P 200 K 035 B1.png>
Package pdftex.def Info: Imágenes/P 200 K 035 B1.png used on input line 2347.
(pdftex.def)             Requested size: 226.19931pt x 171.92699pt.

<Imágenes/P 200 K 040 B1.png, id=492, 448.67625pt x 341.02406pt>
File: Imágenes/P 200 K 040 B1.png Graphic file (type png)

<use Imágenes/P 200 K 040 B1.png>
Package pdftex.def Info: Imágenes/P 200 K 040 B1.png used on input line 2351.
(pdftex.def)             Requested size: 226.19931pt x 171.92699pt.

<Imágenes/P 200 K 045 B1.png, id=493, 448.67625pt x 341.02406pt>
File: Imágenes/P 200 K 045 B1.png Graphic file (type png)

<use Imágenes/P 200 K 045 B1.png>
Package pdftex.def Info: Imágenes/P 200 K 045 B1.png used on input line 2354.
(pdftex.def)             Requested size: 226.19931pt x 171.92699pt.
 [103 <./Imágenes/P 200 K 020 B1.png> <./Imágenes/P 200 K 025 B1.png> <./Imá
genes/P 200 K 035 B1.png> <./Imágenes/P 200 K 040 B1.png> <./Imágenes/P 200 K
 045 B1.png>]
File: Imágenes/P 200 K 050 B1.png Graphic file (type png)

<use Imágenes/P 200 K 050 B1.png>
Package pdftex.def Info: Imágenes/P 200 K 050 B1.png used on input line 2364.
(pdftex.def)             Requested size: 226.19931pt x 171.92699pt.

<Imágenes/P 200 K 060 B1.png, id=502, 448.67625pt x 341.02406pt>
File: Imágenes/P 200 K 060 B1.png Graphic file (type png)

<use Imágenes/P 200 K 060 B1.png>
Package pdftex.def Info: Imágenes/P 200 K 060 B1.png used on input line 2367.
(pdftex.def)             Requested size: 226.19931pt x 171.92699pt.
File: Imágenes/P 200 K 070 B1.png Graphic file (type png)
 <use Imágenes/P 200 K 070 B1.png>
Package pdftex.def Info: Imágenes/P 200 K 070 B1.png used on input line 2371.
(pdftex.def)             Requested size: 226.19931pt x 171.92699pt.

<Imágenes/P 200 K 080 B1.png, id=503, 448.67625pt x 341.02406pt>
File: Imágenes/P 200 K 080 B1.png Graphic file (type png)

<use Imágenes/P 200 K 080 B1.png>
Package pdftex.def Info: Imágenes/P 200 K 080 B1.png used on input line 2374.
(pdftex.def)             Requested size: 226.19931pt x 171.92699pt.

<Imágenes/P 200 K 090 B1.png, id=504, 448.67625pt x 341.02406pt>
File: Imágenes/P 200 K 090 B1.png Graphic file (type png)

<use Imágenes/P 200 K 090 B1.png>
Package pdftex.def Info: Imágenes/P 200 K 090 B1.png used on input line 2378.
(pdftex.def)             Requested size: 226.19931pt x 171.92699pt.
File: Imágenes/P 200 K 100 B1.png Graphic file (type png)
 <use Imágenes/P 200 K 100 B1.png>
Package pdftex.def Info: Imágenes/P 200 K 100 B1.png used on input line 2381.
(pdftex.def)             Requested size: 226.19931pt x 171.92699pt.
 [104 <./Imágenes/P 200 K 060 B1.png> <./Imágenes/P 200 K 080 B1.png> <./Imá
genes/P 200 K 090 B1.png>]
File: Imágenes/P 400 K 002 B1.png Graphic file (type png)
 <use Imágenes/P 400 K 002 B1.png>
Package pdftex.def Info: Imágenes/P 400 K 002 B1.png used on input line 2394.
(pdftex.def)             Requested size: 226.19931pt x 171.92699pt.

<Imágenes/P 400 K 005 B1.png, id=511, 448.67625pt x 341.02406pt>
File: Imágenes/P 400 K 005 B1.png Graphic file (type png)

<use Imágenes/P 400 K 005 B1.png>
Package pdftex.def Info: Imágenes/P 400 K 005 B1.png used on input line 2397.
(pdftex.def)             Requested size: 226.19931pt x 171.92699pt.
File: Imágenes/P 400 K 010 B1.png Graphic file (type png)
 <use Imágenes/P 400 K 010 B1.png>
Package pdftex.def Info: Imágenes/P 400 K 010 B1.png used on input line 2401.
(pdftex.def)             Requested size: 226.19931pt x 171.92699pt.

<Imágenes/P 400 K 020 B1.png, id=512, 448.67625pt x 341.02406pt>
File: Imágenes/P 400 K 020 B1.png Graphic file (type png)

<use Imágenes/P 400 K 020 B1.png>
Package pdftex.def Info: Imágenes/P 400 K 020 B1.png used on input line 2404.
(pdftex.def)             Requested size: 226.19931pt x 171.92699pt.
File: Imágenes/P 400 K 030 B1.png Graphic file (type png)
 <use Imágenes/P 400 K 030 B1.png>
Package pdftex.def Info: Imágenes/P 400 K 030 B1.png used on input line 2408.
(pdftex.def)             Requested size: 226.19931pt x 171.92699pt.

<Imágenes/P 400 K 040 B1.png, id=513, 448.67625pt x 341.02406pt>
File: Imágenes/P 400 K 040 B1.png Graphic file (type png)

<use Imágenes/P 400 K 040 B1.png>
Package pdftex.def Info: Imágenes/P 400 K 040 B1.png used on input line 2411.
(pdftex.def)             Requested size: 226.19931pt x 171.92699pt.
 [105 <./Imágenes/P 400 K 005 B1.png> <./Imágenes/P 400 K 020 B1.png> <./Imá
genes/P 400 K 040 B1.png>]
File: Imágenes/P 400 K 050 B1.png Graphic file (type png)

<use Imágenes/P 400 K 050 B1.png>
Package pdftex.def Info: Imágenes/P 400 K 050 B1.png used on input line 2421.
(pdftex.def)             Requested size: 226.19931pt x 171.92699pt.

<Imágenes/P 400 K 075 B1.png, id=521, 448.67625pt x 341.02406pt>
File: Imágenes/P 400 K 075 B1.png Graphic file (type png)

<use Imágenes/P 400 K 075 B1.png>
Package pdftex.def Info: Imágenes/P 400 K 075 B1.png used on input line 2424.
(pdftex.def)             Requested size: 226.19931pt x 171.92699pt.
File: Imágenes/P 400 K 100 B1.png Graphic file (type png)
 <use Imágenes/P 400 K 100 B1.png>
Package pdftex.def Info: Imágenes/P 400 K 100 B1.png used on input line 2428.
(pdftex.def)             Requested size: 226.19931pt x 171.92699pt.

<Imágenes/P 400 K 150 B1.png, id=522, 448.67625pt x 341.02406pt>
File: Imágenes/P 400 K 150 B1.png Graphic file (type png)

<use Imágenes/P 400 K 150 B1.png>
Package pdftex.def Info: Imágenes/P 400 K 150 B1.png used on input line 2431.
(pdftex.def)             Requested size: 226.19931pt x 171.92699pt.
File: Imágenes/P 400 K 200 B1.png Graphic file (type png)
 <use Imágenes/P 400 K 200 B1.png>
Package pdftex.def Info: Imágenes/P 400 K 200 B1.png used on input line 2436.
(pdftex.def)             Requested size: 226.19931pt x 171.92699pt.
 [106 <./Imágenes/P 400 K 075 B1.png> <./Imágenes/P 400 K 150 B1.png>] [107

]
File: Imágenes/P 100 K 02 B0.png Graphic file (type png)

<use Imágenes/P 100 K 02 B0.png>
Package pdftex.def Info: Imágenes/P 100 K 02 B0.png used on input line 2453.
(pdftex.def)             Requested size: 226.19931pt x 171.92699pt.

<Imágenes/P 100 K 04 B0.png, id=531, 448.67625pt x 341.02406pt>
File: Imágenes/P 100 K 04 B0.png Graphic file (type png)

<use Imágenes/P 100 K 04 B0.png>
Package pdftex.def Info: Imágenes/P 100 K 04 B0.png used on input line 2456.
(pdftex.def)             Requested size: 226.19931pt x 171.92699pt.

<Imágenes/P 100 K 06 B0.png, id=532, 448.67625pt x 341.02406pt>
File: Imágenes/P 100 K 06 B0.png Graphic file (type png)

<use Imágenes/P 100 K 06 B0.png>
Package pdftex.def Info: Imágenes/P 100 K 06 B0.png used on input line 2460.
(pdftex.def)             Requested size: 226.19931pt x 171.92699pt.

<Imágenes/P 100 K 08 B0.png, id=533, 448.67625pt x 341.02406pt>
File: Imágenes/P 100 K 08 B0.png Graphic file (type png)

<use Imágenes/P 100 K 08 B0.png>
Package pdftex.def Info: Imágenes/P 100 K 08 B0.png used on input line 2463.
(pdftex.def)             Requested size: 226.19931pt x 171.92699pt.
File: Imágenes/P 100 K 10 B0.png Graphic file (type png)
 <use Imágenes/P 100 K 10 B0.png>
Package pdftex.def Info: Imágenes/P 100 K 10 B0.png used on input line 2467.
(pdftex.def)             Requested size: 226.19931pt x 171.92699pt.

<Imágenes/P 100 K 15 B0.png, id=534, 448.67625pt x 341.02406pt>
File: Imágenes/P 100 K 15 B0.png Graphic file (type png)

<use Imágenes/P 100 K 15 B0.png>
Package pdftex.def Info: Imágenes/P 100 K 15 B0.png used on input line 2470.
(pdftex.def)             Requested size: 226.19931pt x 171.92699pt.
 [108 <./Imágenes/P 100 K 04 B0.png> <./Imágenes/P 100 K 06 B0.png> <./Imáge
nes/P 100 K 08 B0.png> <./Imágenes/P 100 K 15 B0.png>]
File: Imágenes/P 100 K 20 B0.png Graphic file (type png)
 <use Imágenes/P 100 K 20 B0.png>
Package pdftex.def Info: Imágenes/P 100 K 20 B0.png used on input line 2480.
(pdftex.def)             Requested size: 226.19931pt x 171.92699pt.

<Imágenes/P 100 K 25 B0.png, id=542, 448.67625pt x 341.02406pt>
File: Imágenes/P 100 K 25 B0.png Graphic file (type png)

<use Imágenes/P 100 K 25 B0.png>
Package pdftex.def Info: Imágenes/P 100 K 25 B0.png used on input line 2483.
(pdftex.def)             Requested size: 226.19931pt x 171.92699pt.
File: Imágenes/P 100 K 30 B0.png Graphic file (type png)
 <use Imágenes/P 100 K 30 B0.png>
Package pdftex.def Info: Imágenes/P 100 K 30 B0.png used on input line 2487.
(pdftex.def)             Requested size: 226.19931pt x 171.92699pt.

<Imágenes/P 100 K 35 B0.png, id=543, 448.67625pt x 341.02406pt>
File: Imágenes/P 100 K 35 B0.png Graphic file (type png)

<use Imágenes/P 100 K 35 B0.png>
Package pdftex.def Info: Imágenes/P 100 K 35 B0.png used on input line 2490.
(pdftex.def)             Requested size: 226.19931pt x 171.92699pt.
File: Imágenes/P 100 K 40 B0.png Graphic file (type png)
 <use Imágenes/P 100 K 40 B0.png>
Package pdftex.def Info: Imágenes/P 100 K 40 B0.png used on input line 2494.
(pdftex.def)             Requested size: 226.19931pt x 171.92699pt.

<Imágenes/P 100 K 45 B0.png, id=544, 448.67625pt x 341.02406pt>
File: Imágenes/P 100 K 45 B0.png Graphic file (type png)

<use Imágenes/P 100 K 45 B0.png>
Package pdftex.def Info: Imágenes/P 100 K 45 B0.png used on input line 2497.
(pdftex.def)             Requested size: 226.19931pt x 171.92699pt.
 [109 <./Imágenes/P 100 K 25 B0.png> <./Imágenes/P 100 K 35 B0.png> <./Imáge
nes/P 100 K 45 B0.png>]
File: Imágenes/P 100 K 50 B0.png Graphic file (type png)

<use Imágenes/P 100 K 50 B0.png>
Package pdftex.def Info: Imágenes/P 100 K 50 B0.png used on input line 2506.
(pdftex.def)             Requested size: 226.19931pt x 171.92699pt.
 [110]
File: Imágenes/P 200 K 002 B0.png Graphic file (type png)
 <use Imágenes/P 200 K 002 B0.png>
Package pdftex.def Info: Imágenes/P 200 K 002 B0.png used on input line 2519.
(pdftex.def)             Requested size: 226.19931pt x 171.92699pt.

<Imágenes/P 200 K 004 B0.png, id=554, 448.67625pt x 341.02406pt>
File: Imágenes/P 200 K 004 B0.png Graphic file (type png)

<use Imágenes/P 200 K 004 B0.png>
Package pdftex.def Info: Imágenes/P 200 K 004 B0.png used on input line 2522.
(pdftex.def)             Requested size: 226.19931pt x 171.92699pt.

<Imágenes/P 200 K 006 B0.png, id=555, 448.67625pt x 341.02406pt>
File: Imágenes/P 200 K 006 B0.png Graphic file (type png)

<use Imágenes/P 200 K 006 B0.png>
Package pdftex.def Info: Imágenes/P 200 K 006 B0.png used on input line 2526.
(pdftex.def)             Requested size: 226.19931pt x 171.92699pt.

<Imágenes/P 200 K 008 B0.png, id=556, 448.67625pt x 341.02406pt>
File: Imágenes/P 200 K 008 B0.png Graphic file (type png)

<use Imágenes/P 200 K 008 B0.png>
Package pdftex.def Info: Imágenes/P 200 K 008 B0.png used on input line 2529.
(pdftex.def)             Requested size: 226.19931pt x 171.92699pt.
File: Imágenes/P 200 K 010 B0.png Graphic file (type png)
 <use Imágenes/P 200 K 010 B0.png>
Package pdftex.def Info: Imágenes/P 200 K 010 B0.png used on input line 2533.
(pdftex.def)             Requested size: 226.19931pt x 171.92699pt.

<Imágenes/P 200 K 015 B0.png, id=557, 448.67625pt x 341.02406pt>
File: Imágenes/P 200 K 015 B0.png Graphic file (type png)

<use Imágenes/P 200 K 015 B0.png>
Package pdftex.def Info: Imágenes/P 200 K 015 B0.png used on input line 2536.
(pdftex.def)             Requested size: 226.19931pt x 171.92699pt.
 [111 <./Imágenes/P 200 K 004 B0.png> <./Imágenes/P 200 K 006 B0.png> <./Imá
genes/P 200 K 008 B0.png> <./Imágenes/P 200 K 015 B0.png>]
<Imágenes/P 200 K 020 B0.png, id=566, 448.67625pt x 341.02406pt>
File: Imágenes/P 200 K 020 B0.png Graphic file (type png)

<use Imágenes/P 200 K 020 B0.png>
Package pdftex.def Info: Imágenes/P 200 K 020 B0.png used on input line 2546.
(pdftex.def)             Requested size: 226.19931pt x 171.92699pt.

<Imágenes/P 200 K 025 B0.png, id=567, 448.67625pt x 341.02406pt>
File: Imágenes/P 200 K 025 B0.png Graphic file (type png)

<use Imágenes/P 200 K 025 B0.png>
Package pdftex.def Info: Imágenes/P 200 K 025 B0.png used on input line 2549.
(pdftex.def)             Requested size: 226.19931pt x 171.92699pt.
File: Imágenes/P 200 K 030 B0.png Graphic file (type png)
 <use Imágenes/P 200 K 030 B0.png>
Package pdftex.def Info: Imágenes/P 200 K 030 B0.png used on input line 2553.
(pdftex.def)             Requested size: 226.19931pt x 171.92699pt.

<Imágenes/P 200 K 035 B0.png, id=568, 448.67625pt x 341.02406pt>
File: Imágenes/P 200 K 035 B0.png Graphic file (type png)

<use Imágenes/P 200 K 035 B0.png>
Package pdftex.def Info: Imágenes/P 200 K 035 B0.png used on input line 2556.
(pdftex.def)             Requested size: 226.19931pt x 171.92699pt.

<Imágenes/P 200 K 040 B0.png, id=569, 448.67625pt x 341.02406pt>
File: Imágenes/P 200 K 040 B0.png Graphic file (type png)

<use Imágenes/P 200 K 040 B0.png>
Package pdftex.def Info: Imágenes/P 200 K 040 B0.png used on input line 2560.
(pdftex.def)             Requested size: 226.19931pt x 171.92699pt.

<Imágenes/P 200 K 045 B0.png, id=570, 448.67625pt x 341.02406pt>
File: Imágenes/P 200 K 045 B0.png Graphic file (type png)

<use Imágenes/P 200 K 045 B0.png>
Package pdftex.def Info: Imágenes/P 200 K 045 B0.png used on input line 2563.
(pdftex.def)             Requested size: 226.19931pt x 171.92699pt.
 [112 <./Imágenes/P 200 K 020 B0.png> <./Imágenes/P 200 K 025 B0.png> <./Imá
genes/P 200 K 035 B0.png> <./Imágenes/P 200 K 040 B0.png> <./Imágenes/P 200 K
 045 B0.png>]
File: Imágenes/P 200 K 050 B0.png Graphic file (type png)

<use Imágenes/P 200 K 050 B0.png>
Package pdftex.def Info: Imágenes/P 200 K 050 B0.png used on input line 2573.
(pdftex.def)             Requested size: 226.19931pt x 171.92699pt.

<Imágenes/P 200 K 060 B0.png, id=579, 448.67625pt x 341.02406pt>
File: Imágenes/P 200 K 060 B0.png Graphic file (type png)

<use Imágenes/P 200 K 060 B0.png>
Package pdftex.def Info: Imágenes/P 200 K 060 B0.png used on input line 2576.
(pdftex.def)             Requested size: 226.19931pt x 171.92699pt.
File: Imágenes/P 200 K 070 B0.png Graphic file (type png)
 <use Imágenes/P 200 K 070 B0.png>
Package pdftex.def Info: Imágenes/P 200 K 070 B0.png used on input line 2580.
(pdftex.def)             Requested size: 226.19931pt x 171.92699pt.

<Imágenes/P 200 K 080 B0.png, id=580, 448.67625pt x 341.02406pt>
File: Imágenes/P 200 K 080 B0.png Graphic file (type png)

<use Imágenes/P 200 K 080 B0.png>
Package pdftex.def Info: Imágenes/P 200 K 080 B0.png used on input line 2583.
(pdftex.def)             Requested size: 226.19931pt x 171.92699pt.

<Imágenes/P 200 K 090 B0.png, id=581, 448.67625pt x 341.02406pt>
File: Imágenes/P 200 K 090 B0.png Graphic file (type png)

<use Imágenes/P 200 K 090 B0.png>
Package pdftex.def Info: Imágenes/P 200 K 090 B0.png used on input line 2587.
(pdftex.def)             Requested size: 226.19931pt x 171.92699pt.
File: Imágenes/P 200 K 100 B0.png Graphic file (type png)
 <use Imágenes/P 200 K 100 B0.png>
Package pdftex.def Info: Imágenes/P 200 K 100 B0.png used on input line 2590.
(pdftex.def)             Requested size: 226.19931pt x 171.92699pt.
 [113 <./Imágenes/P 200 K 060 B0.png> <./Imágenes/P 200 K 080 B0.png> <./Imá
genes/P 200 K 090 B0.png>]
File: Imágenes/P 400 K 002 B0.png Graphic file (type png)
 <use Imágenes/P 400 K 002 B0.png>
Package pdftex.def Info: Imágenes/P 400 K 002 B0.png used on input line 2603.
(pdftex.def)             Requested size: 226.19931pt x 171.92699pt.

<Imágenes/P 400 K 005 B0.png, id=588, 448.67625pt x 341.02406pt>
File: Imágenes/P 400 K 005 B0.png Graphic file (type png)

<use Imágenes/P 400 K 005 B0.png>
Package pdftex.def Info: Imágenes/P 400 K 005 B0.png used on input line 2606.
(pdftex.def)             Requested size: 226.19931pt x 171.92699pt.
File: Imágenes/P 400 K 010 B0.png Graphic file (type png)
 <use Imágenes/P 400 K 010 B0.png>
Package pdftex.def Info: Imágenes/P 400 K 010 B0.png used on input line 2610.
(pdftex.def)             Requested size: 226.19931pt x 171.92699pt.

<Imágenes/P 400 K 020 B0.png, id=589, 448.67625pt x 341.02406pt>
File: Imágenes/P 400 K 020 B0.png Graphic file (type png)

<use Imágenes/P 400 K 020 B0.png>
Package pdftex.def Info: Imágenes/P 400 K 020 B0.png used on input line 2613.
(pdftex.def)             Requested size: 226.19931pt x 171.92699pt.
File: Imágenes/P 400 K 030 B0.png Graphic file (type png)
 <use Imágenes/P 400 K 030 B0.png>
Package pdftex.def Info: Imágenes/P 400 K 030 B0.png used on input line 2617.
(pdftex.def)             Requested size: 226.19931pt x 171.92699pt.

<Imágenes/P 400 K 040 B0.png, id=590, 448.67625pt x 341.02406pt>
File: Imágenes/P 400 K 040 B0.png Graphic file (type png)

<use Imágenes/P 400 K 040 B0.png>
Package pdftex.def Info: Imágenes/P 400 K 040 B0.png used on input line 2620.
(pdftex.def)             Requested size: 226.19931pt x 171.92699pt.
 [114 <./Imágenes/P 400 K 005 B0.png> <./Imágenes/P 400 K 020 B0.png> <./Imá
genes/P 400 K 040 B0.png>]
File: Imágenes/P 400 K 050 B0.png Graphic file (type png)

<use Imágenes/P 400 K 050 B0.png>
Package pdftex.def Info: Imágenes/P 400 K 050 B0.png used on input line 2630.
(pdftex.def)             Requested size: 226.19931pt x 171.92699pt.

<Imágenes/P 400 K 075 B0.png, id=597, 448.67625pt x 341.02406pt>
File: Imágenes/P 400 K 075 B0.png Graphic file (type png)

<use Imágenes/P 400 K 075 B0.png>
Package pdftex.def Info: Imágenes/P 400 K 075 B0.png used on input line 2633.
(pdftex.def)             Requested size: 226.19931pt x 171.92699pt.
File: Imágenes/P 400 K 100 B0.png Graphic file (type png)
 <use Imágenes/P 400 K 100 B0.png>
Package pdftex.def Info: Imágenes/P 400 K 100 B0.png used on input line 2637.
(pdftex.def)             Requested size: 226.19931pt x 171.92699pt.

<Imágenes/P 400 K 150 B0.png, id=598, 448.67625pt x 341.02406pt>
File: Imágenes/P 400 K 150 B0.png Graphic file (type png)

<use Imágenes/P 400 K 150 B0.png>
Package pdftex.def Info: Imágenes/P 400 K 150 B0.png used on input line 2640.
(pdftex.def)             Requested size: 226.19931pt x 171.92699pt.
File: Imágenes/P 400 K 200 B0.png Graphic file (type png)
 <use Imágenes/P 400 K 200 B0.png>
Package pdftex.def Info: Imágenes/P 400 K 200 B0.png used on input line 2645.
(pdftex.def)             Requested size: 226.19931pt x 171.92699pt.
 [115 <./Imágenes/P 400 K 075 B0.png> <./Imágenes/P 400 K 150 B0.png>] (Tesin
a.aux
LaTeX Info: Redefining \. on input line 6.
LaTeX Info: Redefining \% on input line 6.
) ) 
Here is how much of TeX's memory you used:
 16408 strings out of 493334
 319086 string characters out of 3136675
 335848 words of memory out of 3000000
 19748 multiletter control sequences out of 15000+200000
 22869 words of font info for 87 fonts, out of 3000000 for 9000
 1141 hyphenation exceptions out of 8191
 44i,19n,49p,10359b,556s stack positions out of 5000i,500n,10000p,200000b,50000s
<C:/Program Files (x86)/MiKTeX 2.9/fonts/type1/public/amsfonts/cm/cmbx10.pfb
><C:/Program Files (x86)/MiKTeX 2.9/fonts/type1/public/amsfonts/cm/cmbx12.pfb><
C:/Program Files (x86)/MiKTeX 2.9/fonts/type1/public/amsfonts/cm/cmbx8.pfb><C:/
Program Files (x86)/MiKTeX 2.9/fonts/type1/public/amsfonts/cm/cmbxti10.pfb><C:/
Program Files (x86)/MiKTeX 2.9/fonts/type1/public/amsfonts/cm/cmcsc10.pfb><C:/P
rogram Files (x86)/MiKTeX 2.9/fonts/type1/public/amsfonts/cm/cmex10.pfb><C:/Pro
gram Files (x86)/MiKTeX 2.9/fonts/type1/public/amsfonts/cm/cmmi10.pfb><C:/Progr
am Files (x86)/MiKTeX 2.9/fonts/type1/public/amsfonts/cm/cmmi12.pfb><C:/Program
 Files (x86)/MiKTeX 2.9/fonts/type1/public/amsfonts/cm/cmmi5.pfb><C:/Program Fi
les (x86)/MiKTeX 2.9/fonts/type1/public/amsfonts/cm/cmmi6.pfb><C:/Program Files
 (x86)/MiKTeX 2.9/fonts/type1/public/amsfonts/cm/cmmi8.pfb><C:/Program Files (x
86)/MiKTeX 2.9/fonts/type1/public/amsfonts/cm/cmmib10.pfb><C:/Program Files (x8
6)/MiKTeX 2.9/fonts/type1/public/amsfonts/cmextra/cmmib8.pfb><C:/Program Files 
(x86)/MiKTeX 2.9/fonts/type1/public/amsfonts/cm/cmr10.pfb><C:/Program Files (x8
6)/MiKTeX 2.9/fonts/type1/public/amsfonts/cm/cmr12.pfb><C:/Program Files (x86)/
MiKTeX 2.9/fonts/type1/public/amsfonts/cm/cmr17.pfb><C:/Program Files (x86)/MiK
TeX 2.9/fonts/type1/public/amsfonts/cm/cmr6.pfb><C:/Program Files (x86)/MiKTeX 
2.9/fonts/type1/public/amsfonts/cm/cmr7.pfb><C:/Program Files (x86)/MiKTeX 2.9/
fonts/type1/public/amsfonts/cm/cmr8.pfb><C:/Program Files (x86)/MiKTeX 2.9/font
s/type1/public/amsfonts/cm/cmsy10.pfb><C:/Program Files (x86)/MiKTeX 2.9/fonts/
type1/public/amsfonts/cm/cmsy8.pfb><C:/Program Files (x86)/MiKTeX 2.9/fonts/typ
e1/public/amsfonts/cm/cmti12.pfb><C:/Program Files (x86)/MiKTeX 2.9/fonts/type1
/public/amsfonts/cm/cmtt12.pfb><C:/Program Files (x86)/MiKTeX 2.9/fonts/type1/p
ublic/amsfonts/symbols/msbm10.pfb>
Output written on Tesina.pdf (119 pages, 1170922 bytes).
PDF statistics:
 682 PDF objects out of 1000 (max. 8388607)
 0 named destinations out of 1000 (max. 500000)
 516 words of extra memory for PDF output out of 10000 (max. 10000000)

